
UsersController
  GET #edit
    ログインユーザーの場合
[32m      レスポンスが成功すること[0m
[32m      @userが正しく設定されていること[0m

Bookモデルのテスト
  バリデーションのテスト
    titleカラム
[31m      空欄でないこと (FAILED - 1)[0m
    bodyカラム
[31m      空欄でないこと (FAILED - 2)[0m
[31m      200文字以下であること: 200文字は〇 (FAILED - 3)[0m
[31m      200文字以下であること: 201文字は× (FAILED - 4)[0m
  アソシエーションのテスト
    Userモデルとの関係
[32m      N:1となっている[0m

Userモデルのテスト
  バリデーションのテスト
    nameカラム
[32m      空欄でないこと[0m
[32m      2文字以上であること: 1文字は×[0m
[32m      2文字以上であること: 2文字は〇[0m
[32m      20文字以下であること: 20文字は〇[0m
[32m      20文字以下であること: 21文字は×[0m
[32m      一意性があること[0m
    introductionカラム
[32m      50文字以下であること: 50文字は〇[0m
[32m      50文字以下であること: 51文字は×[0m
  アソシエーションのテスト
    Bookモデルとの関係
[32m      1:Nとなっている[0m

[STEP1] ユーザログイン前のテスト
  トップ画面のテスト
    表示内容の確認
[32m      URLが正しい[0m
[32m      Log inリンクが表示される: 青色のボタンの表示が「Log in」である[0m
[32m      Log inリンクの内容が正しい[0m
[32m      Sign upリンクが表示される: 緑色のボタンの表示が「Sign up」である[0m
[32m      Sign upリンクの内容が正しい[0m
  アバウト画面のテスト
    表示内容の確認
[32m      URLが正しい[0m
  ヘッダーのテスト: ログインしていない場合
    表示内容の確認
[32m      Bookersリンクが表示される: 左上から1番目のリンクが「Bookers」である[0m
[32m      Homeリンクが表示される: 左上から2番目のリンクが「Home」である[0m
[32m      Aboutリンクが表示される: 左上から3番目のリンクが「About」である[0m
[32m      Sign upリンクが表示される: 左上から4番目のリンクが「Sign up」である[0m
[32m      Log inリンクが表示される: 左上から5番目のリンクが「Log in」である[0m
    リンクの内容を確認
[32m      Bookersを押すと、トップ画面に遷移する[0m
[32m      Homeを押すと、トップ画面に遷移する[0m
[32m      Aboutを押すと、アバウト画面に遷移する[0m
[32m      Sign upを押すと、新規登録画面に遷移する[0m
[32m      Log inを押すと、ログイン画面に遷移する[0m
  ユーザ新規登録のテスト
    表示内容の確認
[32m      URLが正しい[0m
[32m      「Sign up」と表示される[0m
[32m      nameフォームが表示される[0m
[32m      emailフォームが表示される[0m
[32m      passwordフォームが表示される[0m
[32m      password_confirmationフォームが表示される[0m
[32m      Sign upボタンが表示される[0m
    新規登録成功のテスト
[32m      正しく新規登録される[0m
[32m      新規登録後のリダイレクト先が、新規登録できたユーザの詳細画面になっている[0m
  ユーザログイン
    表示内容の確認
[32m      URLが正しい[0m
[32m      「Log in」と表示される[0m
[32m      nameフォームが表示される[0m
[32m      passwordフォームが表示される[0m
[32m      Log inボタンが表示される[0m
[32m      emailフォームは表示されない[0m
    ログイン成功のテスト
[32m      ログイン後のリダイレクト先が、ログインしたユーザの詳細画面になっている[0m
    ログイン失敗のテスト
[32m      ログインに失敗し、ログイン画面にリダイレクトされる[0m
  ヘッダーのテスト: ログインしている場合
    ヘッダーの表示を確認
[32m      Bookersリンクが表示される: 左上から1番目のリンクが「Bookers」である[0m
[32m      Homeリンクが表示される: 左上から2番目のリンクが「Home」である[0m
[32m      Usersリンクが表示される: 左上から3番目のリンクが「Users」である[0m
[32m      Booksリンクが表示される: 左上から4番目のリンクが「Books」である[0m
[32m      Log outリンクが表示される: 左上から5番目のリンクが「Log out」である[0m
  ユーザログアウトのテスト
    ログアウト機能のテスト
[32m      正しくログアウトできている: ログアウト後のリダイレクト先においてAbout画面へのリンクが存在する[0m
[32m      ログアウト後のリダイレクト先が、トップになっている[0m

[STEP2] ユーザログイン後のテスト
  ヘッダーのテスト: ログインしている場合
    リンクの内容を確認: ※logoutは『ユーザログアウトのテスト』でテスト済みになります。
[31m      Homeを押すと、自分のユーザ詳細画面に遷移する (FAILED - 5)[0m
[31m      Usersを押すと、ユーザ一覧画面に遷移する (FAILED - 6)[0m
[31m      Booksを押すと、投稿一覧画面に遷移する (FAILED - 7)[0m
  投稿一覧画面のテスト
    表示内容の確認
[31m      URLが正しい (FAILED - 8)[0m
[31m      自分と他人の画像のリンク先が正しい (FAILED - 9)[0m
[31m      自分の投稿と他人の投稿のタイトルのリンク先がそれぞれ正しい (FAILED - 10)[0m
[31m      自分の投稿と他人の投稿のオピニオンが表示される (FAILED - 11)[0m
    サイドバーの確認
[31m      自分の名前と紹介文が表示される (FAILED - 12)[0m
[31m      自分のユーザ編集画面へのリンクが存在する (FAILED - 13)[0m
[31m      「New book」と表示される (FAILED - 14)[0m
[31m      titleフォームが表示される (FAILED - 15)[0m
[31m      titleフォームに値が入っていない (FAILED - 16)[0m
[31m      bodyフォームが表示される (FAILED - 17)[0m
[31m      bodyフォームに値が入っていない (FAILED - 18)[0m
[31m      Create Bookボタンが表示される (FAILED - 19)[0m
    投稿成功のテスト
[31m      自分の新しい投稿が正しく保存される (FAILED - 20)[0m
[31m      リダイレクト先が、保存できた投稿の詳細画面になっている (FAILED - 21)[0m
  自分の投稿詳細画面のテスト
    表示内容の確認
[31m      URLが正しい (FAILED - 22)[0m
[31m      「Book detail」と表示される (FAILED - 23)[0m
[31m      ユーザ画像・名前のリンク先が正しい (FAILED - 24)[0m
[31m      投稿のtitleが表示される (FAILED - 25)[0m
[31m      投稿のbodyが表示される (FAILED - 26)[0m
[31m      投稿の編集リンクが表示される (FAILED - 27)[0m
[31m      投稿の削除リンクが表示される (FAILED - 28)[0m
    サイドバーの確認
[31m      自分の名前と紹介文が表示される (FAILED - 29)[0m
[31m      自分のユーザ編集画面へのリンクが存在する (FAILED - 30)[0m
[31m      「New book」と表示される (FAILED - 31)[0m
[31m      titleフォームが表示される (FAILED - 32)[0m
[31m      titleフォームに値が入っていない (FAILED - 33)[0m
[31m      bodyフォームが表示される (FAILED - 34)[0m
[31m      bodyフォームに値が入っていない (FAILED - 35)[0m
[31m      Create Bookボタンが表示される (FAILED - 36)[0m
    投稿成功のテスト
[31m      自分の新しい投稿が正しく保存される (FAILED - 37)[0m
    編集リンクのテスト
[31m      編集画面に遷移する (FAILED - 38)[0m
    削除リンクのテスト
[31m      application.html.erbにjavascript_pack_tagを含んでいる (FAILED - 39)[0m
[31m      正しく削除される (FAILED - 40)[0m
[31m      リダイレクト先が、投稿一覧画面になっている (FAILED - 41)[0m
  自分の投稿編集画面のテスト
    表示の確認
[31m      URLが正しい (FAILED - 42)[0m
[31m      「Editing Book」と表示される (FAILED - 43)[0m
[31m      title編集フォームが表示される (FAILED - 44)[0m
[31m      body編集フォームが表示される (FAILED - 45)[0m
[31m      Update Bookボタンが表示される (FAILED - 46)[0m
[31m      Showリンクが表示される (FAILED - 47)[0m
[31m      Backリンクが表示される (FAILED - 48)[0m
    編集成功のテスト
[31m      titleが正しく更新される (FAILED - 49)[0m
[31m      bodyが正しく更新される (FAILED - 50)[0m
[31m      リダイレクト先が、更新した投稿の詳細画面になっている (FAILED - 51)[0m
  ユーザ一覧画面のテスト
    表示内容の確認
[31m      URLが正しい (FAILED - 52)[0m
[31m      自分と他人の画像が表示される: fallbackの画像がサイドバーの1つ＋一覧(2人)の2つの計3つ存在する (FAILED - 53)[0m
[31m      自分と他人の名前がそれぞれ表示される (FAILED - 54)[0m
[31m      自分と他人のshowリンクがそれぞれ表示される (FAILED - 55)[0m
    サイドバーの確認
[31m      自分の名前と紹介文が表示される (FAILED - 56)[0m
[31m      自分のユーザ編集画面へのリンクが存在する (FAILED - 57)[0m
[31m      「New book」と表示される (FAILED - 58)[0m
[31m      titleフォームが表示される (FAILED - 59)[0m
[31m      titleフォームに値が入っていない (FAILED - 60)[0m
[31m      bodyフォームが表示される (FAILED - 61)[0m
[31m      bodyフォームに値が入っていない (FAILED - 62)[0m
[31m      Create Bookボタンが表示される (FAILED - 63)[0m
  自分のユーザ詳細画面のテスト
    表示の確認
[31m      URLが正しい (FAILED - 64)[0m
[31m      投稿一覧のユーザ画像のリンク先が正しい (FAILED - 65)[0m
[31m      投稿一覧に自分の投稿のtitleが表示され、リンクが正しい (FAILED - 66)[0m
[31m      投稿一覧に自分の投稿のbodyが表示される (FAILED - 67)[0m
[31m      他人の投稿は表示されない (FAILED - 68)[0m
    サイドバーの確認
[31m      自分の名前と紹介文が表示される (FAILED - 69)[0m
[31m      自分のユーザ編集画面へのリンクが存在する (FAILED - 70)[0m
[31m      「New book」と表示される (FAILED - 71)[0m
[31m      titleフォームが表示される (FAILED - 72)[0m
[31m      titleフォームに値が入っていない (FAILED - 73)[0m
[31m      bodyフォームが表示される (FAILED - 74)[0m
[31m      bodyフォームに値が入っていない (FAILED - 75)[0m
[31m      Create Bookボタンが表示される (FAILED - 76)[0m
  自分のユーザ情報編集画面のテスト
    表示の確認
[31m      URLが正しい (FAILED - 77)[0m
[31m      名前編集フォームに自分の名前が表示される (FAILED - 78)[0m
[31m      画像編集フォームが表示される (FAILED - 79)[0m
[31m      自己紹介編集フォームに自分の自己紹介文が表示される (FAILED - 80)[0m
[31m      Update Userボタンが表示される (FAILED - 81)[0m
    更新成功のテスト
[31m      nameが正しく更新される (FAILED - 82)[0m
[31m      introductionが正しく更新される (FAILED - 83)[0m
[31m      リダイレクト先が、自分のユーザ詳細画面になっている (FAILED - 84)[0m

[STEP3] 仕上げのテスト
  サクセスメッセージのテスト
[31m    ユーザ新規登録成功時 (FAILED - 85)[0m
[31m    ユーザログイン成功時 (FAILED - 86)[0m
[31m    ユーザログアウト成功時 (FAILED - 87)[0m
[31m    ユーザのプロフィール情報更新成功時 (FAILED - 88)[0m
[31m    投稿データの新規投稿成功時: 投稿一覧画面から行います。 (FAILED - 89)[0m
[31m    投稿データの更新成功時 (FAILED - 90)[0m
  処理失敗時のテスト
    ユーザ新規登録失敗: nameを1文字にする
[31m      新規登録されない (FAILED - 91)[0m
[31m      新規登録画面を表示しており、フォームの内容が正しい (FAILED - 92)[0m
[31m      バリデーションエラーが表示される (FAILED - 93)[0m
    ユーザのプロフィール情報編集失敗: nameを1文字にする
[31m      更新されない (FAILED - 94)[0m
[31m      ユーザ編集画面を表示しており、フォームの内容が正しい (FAILED - 95)[0m
[31m      バリデーションエラーが表示される (FAILED - 96)[0m
    投稿データの新規投稿失敗: 投稿一覧画面から行い、titleを空にする
[31m      投稿が保存されない (FAILED - 97)[0m
[31m      投稿一覧画面を表示している (FAILED - 98)[0m
[31m      新規投稿フォームの内容が正しい (FAILED - 99)[0m
[31m      バリデーションエラーが表示される (FAILED - 100)[0m
    投稿データの更新失敗: titleを空にする
[31m      投稿が更新されない (FAILED - 101)[0m
[31m      投稿編集画面を表示しており、フォームの内容が正しい (FAILED - 102)[0m
[31m      エラーメッセージが表示される (FAILED - 103)[0m
  ログインしていない場合のアクセス制限のテスト: アクセスできず、ログイン画面に遷移する
[31m    ユーザ一覧画面 (FAILED - 104)[0m
[31m    ユーザ詳細画面 (FAILED - 105)[0m
[31m    ユーザ情報編集画面 (FAILED - 106)[0m
[31m    投稿一覧画面 (FAILED - 107)[0m
[31m    投稿詳細画面 (FAILED - 108)[0m
[31m    投稿編集画面 (FAILED - 109)[0m
  他人の画面のテスト
    他人の投稿詳細画面のテスト
      表示内容の確認
[31m        URLが正しい (FAILED - 110)[0m
[31m        「Book detail」と表示される (FAILED - 111)[0m
[31m        ユーザ画像・名前のリンク先が正しい (FAILED - 112)[0m
[31m        投稿のtitleが表示される (FAILED - 113)[0m
[31m        投稿のopinionが表示される (FAILED - 114)[0m
[31m        投稿の編集リンクが表示されない (FAILED - 115)[0m
[31m        投稿の削除リンクが表示されない (FAILED - 116)[0m
      サイドバーの確認
[31m        他人の名前と紹介文が表示される (FAILED - 117)[0m
[31m        他人のユーザ編集画面へのリンクが存在する (FAILED - 118)[0m
[31m        自分の名前と紹介文は表示されない (FAILED - 119)[0m
[31m        自分のユーザ編集画面へのリンクは存在しない (FAILED - 120)[0m
    他人の投稿編集画面
[31m      遷移できず、投稿一覧画面にリダイレクトされる (FAILED - 121)[0m
    他人のユーザ詳細画面のテスト
      表示の確認
[31m        URLが正しい (FAILED - 122)[0m
[31m        投稿一覧のユーザ画像のリンク先が正しい (FAILED - 123)[0m
[31m        投稿一覧に他人の投稿のtitleが表示され、リンクが正しい (FAILED - 124)[0m
[31m        投稿一覧に他人の投稿のopinionが表示される (FAILED - 125)[0m
[31m        自分の投稿は表示されない (FAILED - 126)[0m
      サイドバーの確認
[31m        他人の名前と紹介文が表示される (FAILED - 127)[0m
[31m        他人のユーザ編集画面へのリンクが存在する (FAILED - 128)[0m
[31m        自分の名前と紹介文は表示されない (FAILED - 129)[0m
[31m        自分のユーザ編集画面へのリンクは存在しない (FAILED - 130)[0m
    他人のユーザ情報編集画面
[31m      遷移できず、自分のユーザ詳細画面にリダイレクトされる (FAILED - 131)[0m
  グリッドシステムのテスト: container, row, col-md-〇を正しく使えている
[31m    ユーザ一覧画面 (FAILED - 132)[0m
[31m    ユーザ詳細画面 (FAILED - 133)[0m
[31m    投稿一覧画面 (FAILED - 134)[0m
[31m    投稿詳細画面 (FAILED - 135)[0m
  アイコンのテスト
    トップ画面
[31m      本のアイコンが表示される (FAILED - 136)[0m
    アバウト画面
[31m      本のアイコンが表示される (FAILED - 137)[0m
    ヘッダー: ログインしていない場合
[31m      Homeリンクのアイコンが表示される (FAILED - 138)[0m
[31m      Aboutリンクのアイコンが表示される (FAILED - 139)[0m
[31m      Sign upリンクのアイコンが表示される (FAILED - 140)[0m
[31m      Log inリンクのアイコンが表示される (FAILED - 141)[0m
    ヘッダー: ログインしている場合
[31m      Homeリンクのアイコンが表示される (FAILED - 142)[0m
[31m      Usersリンクのアイコンが表示される (FAILED - 143)[0m
[31m      Booksリンクのアイコンが表示される (FAILED - 144)[0m
[31m      Log outリンクのアイコンが表示される (FAILED - 145)[0m
    サイドバー
[31m      ユーザ一覧画面でレンチアイコンが表示される (FAILED - 146)[0m
[31m      ユーザ詳細画面でレンチアイコンが表示される (FAILED - 147)[0m
[31m      投稿一覧画面でレンチアイコンが表示される (FAILED - 148)[0m
[31m      投稿詳細画面でレンチアイコンが表示される (FAILED - 149)[0m

Failures:

  1) Bookモデルのテスト バリデーションのテスト titleカラム 空欄でないこと
     [31mFailure/Error: let!(:book) { build(:book, user_id: user.id) }[0m
     [31m[0m
     [31mNoMethodError:[0m
     [31m  undefined method `body=' for #<Book id: nil, title: "ysvvw", opinion: nil, user_id: nil, created_at: nil, updated_at: nil>[0m
     [36m# ./spec/models/book_spec.rb:8:in `block (3 levels) in <main>'[0m

  2) Bookモデルのテスト バリデーションのテスト bodyカラム 空欄でないこと
     [31mFailure/Error: let!(:book) { build(:book, user_id: user.id) }[0m
     [31m[0m
     [31mNoMethodError:[0m
     [31m  undefined method `body=' for #<Book id: nil, title: "35i16", opinion: nil, user_id: nil, created_at: nil, updated_at: nil>[0m
     [36m# ./spec/models/book_spec.rb:8:in `block (3 levels) in <main>'[0m

  3) Bookモデルのテスト バリデーションのテスト bodyカラム 200文字以下であること: 200文字は〇
     [31mFailure/Error: let!(:book) { build(:book, user_id: user.id) }[0m
     [31m[0m
     [31mNoMethodError:[0m
     [31m  undefined method `body=' for #<Book id: nil, title: "xstuw", opinion: nil, user_id: nil, created_at: nil, updated_at: nil>[0m
     [36m# ./spec/models/book_spec.rb:8:in `block (3 levels) in <main>'[0m

  4) Bookモデルのテスト バリデーションのテスト bodyカラム 200文字以下であること: 201文字は×
     [31mFailure/Error: let!(:book) { build(:book, user_id: user.id) }[0m
     [31m[0m
     [31mNoMethodError:[0m
     [31m  undefined method `body=' for #<Book id: nil, title: "sdsdq", opinion: nil, user_id: nil, created_at: nil, updated_at: nil>[0m
     [36m# ./spec/models/book_spec.rb:8:in `block (3 levels) in <main>'[0m

  5) [STEP2] ユーザログイン後のテスト ヘッダーのテスト: ログインしている場合 リンクの内容を確認: ※logoutは『ユーザログアウトのテスト』でテスト済みになります。 Homeを押すと、自分のユーザ詳細画面に遷移する
     [31mFailure/Error: let!(:book) { create(:book, user: user) }[0m
     [31m[0m
     [31mNoMethodError:[0m
     [31m  undefined method `body=' for #<Book id: nil, title: "w8o24", opinion: nil, user_id: nil, created_at: nil, updated_at: nil>[0m
     [36m# ./spec/system/02_after_login_spec.rb:6:in `block (2 levels) in <main>'[0m

  6) [STEP2] ユーザログイン後のテスト ヘッダーのテスト: ログインしている場合 リンクの内容を確認: ※logoutは『ユーザログアウトのテスト』でテスト済みになります。 Usersを押すと、ユーザ一覧画面に遷移する
     [31mFailure/Error: let!(:book) { create(:book, user: user) }[0m
     [31m[0m
     [31mNoMethodError:[0m
     [31m  undefined method `body=' for #<Book id: nil, title: "nqpm6", opinion: nil, user_id: nil, created_at: nil, updated_at: nil>[0m
     [36m# ./spec/system/02_after_login_spec.rb:6:in `block (2 levels) in <main>'[0m

  7) [STEP2] ユーザログイン後のテスト ヘッダーのテスト: ログインしている場合 リンクの内容を確認: ※logoutは『ユーザログアウトのテスト』でテスト済みになります。 Booksを押すと、投稿一覧画面に遷移する
     [31mFailure/Error: let!(:book) { create(:book, user: user) }[0m
     [31m[0m
     [31mNoMethodError:[0m
     [31m  undefined method `body=' for #<Book id: nil, title: "4pwl2", opinion: nil, user_id: nil, created_at: nil, updated_at: nil>[0m
     [36m# ./spec/system/02_after_login_spec.rb:6:in `block (2 levels) in <main>'[0m

  8) [STEP2] ユーザログイン後のテスト 投稿一覧画面のテスト 表示内容の確認 URLが正しい
     [31mFailure/Error: let!(:book) { create(:book, user: user) }[0m
     [31m[0m
     [31mNoMethodError:[0m
     [31m  undefined method `body=' for #<Book id: nil, title: "mqlbs", opinion: nil, user_id: nil, created_at: nil, updated_at: nil>[0m
     [36m# ./spec/system/02_after_login_spec.rb:6:in `block (2 levels) in <main>'[0m

  9) [STEP2] ユーザログイン後のテスト 投稿一覧画面のテスト 表示内容の確認 自分と他人の画像のリンク先が正しい
     [31mFailure/Error: let!(:book) { create(:book, user: user) }[0m
     [31m[0m
     [31mNoMethodError:[0m
     [31m  undefined method `body=' for #<Book id: nil, title: "m7zft", opinion: nil, user_id: nil, created_at: nil, updated_at: nil>[0m
     [36m# ./spec/system/02_after_login_spec.rb:6:in `block (2 levels) in <main>'[0m

  10) [STEP2] ユーザログイン後のテスト 投稿一覧画面のテスト 表示内容の確認 自分の投稿と他人の投稿のタイトルのリンク先がそれぞれ正しい
      [31mFailure/Error: let!(:book) { create(:book, user: user) }[0m
      [31m[0m
      [31mNoMethodError:[0m
      [31m  undefined method `body=' for #<Book id: nil, title: "c434m", opinion: nil, user_id: nil, created_at: nil, updated_at: nil>[0m
      [36m# ./spec/system/02_after_login_spec.rb:6:in `block (2 levels) in <main>'[0m

  11) [STEP2] ユーザログイン後のテスト 投稿一覧画面のテスト 表示内容の確認 自分の投稿と他人の投稿のオピニオンが表示される
      [31mFailure/Error: let!(:book) { create(:book, user: user) }[0m
      [31m[0m
      [31mNoMethodError:[0m
      [31m  undefined method `body=' for #<Book id: nil, title: "j6adj", opinion: nil, user_id: nil, created_at: nil, updated_at: nil>[0m
      [36m# ./spec/system/02_after_login_spec.rb:6:in `block (2 levels) in <main>'[0m

  12) [STEP2] ユーザログイン後のテスト 投稿一覧画面のテスト サイドバーの確認 自分の名前と紹介文が表示される
      [31mFailure/Error: let!(:book) { create(:book, user: user) }[0m
      [31m[0m
      [31mNoMethodError:[0m
      [31m  undefined method `body=' for #<Book id: nil, title: "4qqvy", opinion: nil, user_id: nil, created_at: nil, updated_at: nil>[0m
      [36m# ./spec/system/02_after_login_spec.rb:6:in `block (2 levels) in <main>'[0m

  13) [STEP2] ユーザログイン後のテスト 投稿一覧画面のテスト サイドバーの確認 自分のユーザ編集画面へのリンクが存在する
      [31mFailure/Error: let!(:book) { create(:book, user: user) }[0m
      [31m[0m
      [31mNoMethodError:[0m
      [31m  undefined method `body=' for #<Book id: nil, title: "m1cvf", opinion: nil, user_id: nil, created_at: nil, updated_at: nil>[0m
      [36m# ./spec/system/02_after_login_spec.rb:6:in `block (2 levels) in <main>'[0m

  14) [STEP2] ユーザログイン後のテスト 投稿一覧画面のテスト サイドバーの確認 「New book」と表示される
      [31mFailure/Error: let!(:book) { create(:book, user: user) }[0m
      [31m[0m
      [31mNoMethodError:[0m
      [31m  undefined method `body=' for #<Book id: nil, title: "7htle", opinion: nil, user_id: nil, created_at: nil, updated_at: nil>[0m
      [36m# ./spec/system/02_after_login_spec.rb:6:in `block (2 levels) in <main>'[0m

  15) [STEP2] ユーザログイン後のテスト 投稿一覧画面のテスト サイドバーの確認 titleフォームが表示される
      [31mFailure/Error: let!(:book) { create(:book, user: user) }[0m
      [31m[0m
      [31mNoMethodError:[0m
      [31m  undefined method `body=' for #<Book id: nil, title: "s6c55", opinion: nil, user_id: nil, created_at: nil, updated_at: nil>[0m
      [36m# ./spec/system/02_after_login_spec.rb:6:in `block (2 levels) in <main>'[0m

  16) [STEP2] ユーザログイン後のテスト 投稿一覧画面のテスト サイドバーの確認 titleフォームに値が入っていない
      [31mFailure/Error: let!(:book) { create(:book, user: user) }[0m
      [31m[0m
      [31mNoMethodError:[0m
      [31m  undefined method `body=' for #<Book id: nil, title: "ih8ae", opinion: nil, user_id: nil, created_at: nil, updated_at: nil>[0m
      [36m# ./spec/system/02_after_login_spec.rb:6:in `block (2 levels) in <main>'[0m

  17) [STEP2] ユーザログイン後のテスト 投稿一覧画面のテスト サイドバーの確認 bodyフォームが表示される
      [31mFailure/Error: let!(:book) { create(:book, user: user) }[0m
      [31m[0m
      [31mNoMethodError:[0m
      [31m  undefined method `body=' for #<Book id: nil, title: "f4v9x", opinion: nil, user_id: nil, created_at: nil, updated_at: nil>[0m
      [36m# ./spec/system/02_after_login_spec.rb:6:in `block (2 levels) in <main>'[0m

  18) [STEP2] ユーザログイン後のテスト 投稿一覧画面のテスト サイドバーの確認 bodyフォームに値が入っていない
      [31mFailure/Error: let!(:book) { create(:book, user: user) }[0m
      [31m[0m
      [31mNoMethodError:[0m
      [31m  undefined method `body=' for #<Book id: nil, title: "u7hij", opinion: nil, user_id: nil, created_at: nil, updated_at: nil>[0m
      [36m# ./spec/system/02_after_login_spec.rb:6:in `block (2 levels) in <main>'[0m

  19) [STEP2] ユーザログイン後のテスト 投稿一覧画面のテスト サイドバーの確認 Create Bookボタンが表示される
      [31mFailure/Error: let!(:book) { create(:book, user: user) }[0m
      [31m[0m
      [31mNoMethodError:[0m
      [31m  undefined method `body=' for #<Book id: nil, title: "6aqkz", opinion: nil, user_id: nil, created_at: nil, updated_at: nil>[0m
      [36m# ./spec/system/02_after_login_spec.rb:6:in `block (2 levels) in <main>'[0m

  20) [STEP2] ユーザログイン後のテスト 投稿一覧画面のテスト 投稿成功のテスト 自分の新しい投稿が正しく保存される
      [31mFailure/Error: let!(:book) { create(:book, user: user) }[0m
      [31m[0m
      [31mNoMethodError:[0m
      [31m  undefined method `body=' for #<Book id: nil, title: "4s3em", opinion: nil, user_id: nil, created_at: nil, updated_at: nil>[0m
      [36m# ./spec/system/02_after_login_spec.rb:6:in `block (2 levels) in <main>'[0m

  21) [STEP2] ユーザログイン後のテスト 投稿一覧画面のテスト 投稿成功のテスト リダイレクト先が、保存できた投稿の詳細画面になっている
      [31mFailure/Error: let!(:book) { create(:book, user: user) }[0m
      [31m[0m
      [31mNoMethodError:[0m
      [31m  undefined method `body=' for #<Book id: nil, title: "d57g1", opinion: nil, user_id: nil, created_at: nil, updated_at: nil>[0m
      [36m# ./spec/system/02_after_login_spec.rb:6:in `block (2 levels) in <main>'[0m

  22) [STEP2] ユーザログイン後のテスト 自分の投稿詳細画面のテスト 表示内容の確認 URLが正しい
      [31mFailure/Error: let!(:book) { create(:book, user: user) }[0m
      [31m[0m
      [31mNoMethodError:[0m
      [31m  undefined method `body=' for #<Book id: nil, title: "lxmmh", opinion: nil, user_id: nil, created_at: nil, updated_at: nil>[0m
      [36m# ./spec/system/02_after_login_spec.rb:6:in `block (2 levels) in <main>'[0m

  23) [STEP2] ユーザログイン後のテスト 自分の投稿詳細画面のテスト 表示内容の確認 「Book detail」と表示される
      [31mFailure/Error: let!(:book) { create(:book, user: user) }[0m
      [31m[0m
      [31mNoMethodError:[0m
      [31m  undefined method `body=' for #<Book id: nil, title: "hdc7g", opinion: nil, user_id: nil, created_at: nil, updated_at: nil>[0m
      [36m# ./spec/system/02_after_login_spec.rb:6:in `block (2 levels) in <main>'[0m

  24) [STEP2] ユーザログイン後のテスト 自分の投稿詳細画面のテスト 表示内容の確認 ユーザ画像・名前のリンク先が正しい
      [31mFailure/Error: let!(:book) { create(:book, user: user) }[0m
      [31m[0m
      [31mNoMethodError:[0m
      [31m  undefined method `body=' for #<Book id: nil, title: "gvanw", opinion: nil, user_id: nil, created_at: nil, updated_at: nil>[0m
      [36m# ./spec/system/02_after_login_spec.rb:6:in `block (2 levels) in <main>'[0m

  25) [STEP2] ユーザログイン後のテスト 自分の投稿詳細画面のテスト 表示内容の確認 投稿のtitleが表示される
      [31mFailure/Error: let!(:book) { create(:book, user: user) }[0m
      [31m[0m
      [31mNoMethodError:[0m
      [31m  undefined method `body=' for #<Book id: nil, title: "3n0pp", opinion: nil, user_id: nil, created_at: nil, updated_at: nil>[0m
      [36m# ./spec/system/02_after_login_spec.rb:6:in `block (2 levels) in <main>'[0m

  26) [STEP2] ユーザログイン後のテスト 自分の投稿詳細画面のテスト 表示内容の確認 投稿のbodyが表示される
      [31mFailure/Error: let!(:book) { create(:book, user: user) }[0m
      [31m[0m
      [31mNoMethodError:[0m
      [31m  undefined method `body=' for #<Book id: nil, title: "6ms23", opinion: nil, user_id: nil, created_at: nil, updated_at: nil>[0m
      [36m# ./spec/system/02_after_login_spec.rb:6:in `block (2 levels) in <main>'[0m

  27) [STEP2] ユーザログイン後のテスト 自分の投稿詳細画面のテスト 表示内容の確認 投稿の編集リンクが表示される
      [31mFailure/Error: let!(:book) { create(:book, user: user) }[0m
      [31m[0m
      [31mNoMethodError:[0m
      [31m  undefined method `body=' for #<Book id: nil, title: "e8b1a", opinion: nil, user_id: nil, created_at: nil, updated_at: nil>[0m
      [36m# ./spec/system/02_after_login_spec.rb:6:in `block (2 levels) in <main>'[0m

  28) [STEP2] ユーザログイン後のテスト 自分の投稿詳細画面のテスト 表示内容の確認 投稿の削除リンクが表示される
      [31mFailure/Error: let!(:book) { create(:book, user: user) }[0m
      [31m[0m
      [31mNoMethodError:[0m
      [31m  undefined method `body=' for #<Book id: nil, title: "c0u54", opinion: nil, user_id: nil, created_at: nil, updated_at: nil>[0m
      [36m# ./spec/system/02_after_login_spec.rb:6:in `block (2 levels) in <main>'[0m

  29) [STEP2] ユーザログイン後のテスト 自分の投稿詳細画面のテスト サイドバーの確認 自分の名前と紹介文が表示される
      [31mFailure/Error: let!(:book) { create(:book, user: user) }[0m
      [31m[0m
      [31mNoMethodError:[0m
      [31m  undefined method `body=' for #<Book id: nil, title: "b93d6", opinion: nil, user_id: nil, created_at: nil, updated_at: nil>[0m
      [36m# ./spec/system/02_after_login_spec.rb:6:in `block (2 levels) in <main>'[0m

  30) [STEP2] ユーザログイン後のテスト 自分の投稿詳細画面のテスト サイドバーの確認 自分のユーザ編集画面へのリンクが存在する
      [31mFailure/Error: let!(:book) { create(:book, user: user) }[0m
      [31m[0m
      [31mNoMethodError:[0m
      [31m  undefined method `body=' for #<Book id: nil, title: "46c1x", opinion: nil, user_id: nil, created_at: nil, updated_at: nil>[0m
      [36m# ./spec/system/02_after_login_spec.rb:6:in `block (2 levels) in <main>'[0m

  31) [STEP2] ユーザログイン後のテスト 自分の投稿詳細画面のテスト サイドバーの確認 「New book」と表示される
      [31mFailure/Error: let!(:book) { create(:book, user: user) }[0m
      [31m[0m
      [31mNoMethodError:[0m
      [31m  undefined method `body=' for #<Book id: nil, title: "u4bci", opinion: nil, user_id: nil, created_at: nil, updated_at: nil>[0m
      [36m# ./spec/system/02_after_login_spec.rb:6:in `block (2 levels) in <main>'[0m

  32) [STEP2] ユーザログイン後のテスト 自分の投稿詳細画面のテスト サイドバーの確認 titleフォームが表示される
      [31mFailure/Error: let!(:book) { create(:book, user: user) }[0m
      [31m[0m
      [31mNoMethodError:[0m
      [31m  undefined method `body=' for #<Book id: nil, title: "g3oj0", opinion: nil, user_id: nil, created_at: nil, updated_at: nil>[0m
      [36m# ./spec/system/02_after_login_spec.rb:6:in `block (2 levels) in <main>'[0m

  33) [STEP2] ユーザログイン後のテスト 自分の投稿詳細画面のテスト サイドバーの確認 titleフォームに値が入っていない
      [31mFailure/Error: let!(:book) { create(:book, user: user) }[0m
      [31m[0m
      [31mNoMethodError:[0m
      [31m  undefined method `body=' for #<Book id: nil, title: "tfcp4", opinion: nil, user_id: nil, created_at: nil, updated_at: nil>[0m
      [36m# ./spec/system/02_after_login_spec.rb:6:in `block (2 levels) in <main>'[0m

  34) [STEP2] ユーザログイン後のテスト 自分の投稿詳細画面のテスト サイドバーの確認 bodyフォームが表示される
      [31mFailure/Error: let!(:book) { create(:book, user: user) }[0m
      [31m[0m
      [31mNoMethodError:[0m
      [31m  undefined method `body=' for #<Book id: nil, title: "l6q7d", opinion: nil, user_id: nil, created_at: nil, updated_at: nil>[0m
      [36m# ./spec/system/02_after_login_spec.rb:6:in `block (2 levels) in <main>'[0m

  35) [STEP2] ユーザログイン後のテスト 自分の投稿詳細画面のテスト サイドバーの確認 bodyフォームに値が入っていない
      [31mFailure/Error: let!(:book) { create(:book, user: user) }[0m
      [31m[0m
      [31mNoMethodError:[0m
      [31m  undefined method `body=' for #<Book id: nil, title: "n63n4", opinion: nil, user_id: nil, created_at: nil, updated_at: nil>[0m
      [36m# ./spec/system/02_after_login_spec.rb:6:in `block (2 levels) in <main>'[0m

  36) [STEP2] ユーザログイン後のテスト 自分の投稿詳細画面のテスト サイドバーの確認 Create Bookボタンが表示される
      [31mFailure/Error: let!(:book) { create(:book, user: user) }[0m
      [31m[0m
      [31mNoMethodError:[0m
      [31m  undefined method `body=' for #<Book id: nil, title: "j718d", opinion: nil, user_id: nil, created_at: nil, updated_at: nil>[0m
      [36m# ./spec/system/02_after_login_spec.rb:6:in `block (2 levels) in <main>'[0m

  37) [STEP2] ユーザログイン後のテスト 自分の投稿詳細画面のテスト 投稿成功のテスト 自分の新しい投稿が正しく保存される
      [31mFailure/Error: let!(:book) { create(:book, user: user) }[0m
      [31m[0m
      [31mNoMethodError:[0m
      [31m  undefined method `body=' for #<Book id: nil, title: "0xvhr", opinion: nil, user_id: nil, created_at: nil, updated_at: nil>[0m
      [36m# ./spec/system/02_after_login_spec.rb:6:in `block (2 levels) in <main>'[0m

  38) [STEP2] ユーザログイン後のテスト 自分の投稿詳細画面のテスト 編集リンクのテスト 編集画面に遷移する
      [31mFailure/Error: let!(:book) { create(:book, user: user) }[0m
      [31m[0m
      [31mNoMethodError:[0m
      [31m  undefined method `body=' for #<Book id: nil, title: "omgm1", opinion: nil, user_id: nil, created_at: nil, updated_at: nil>[0m
      [36m# ./spec/system/02_after_login_spec.rb:6:in `block (2 levels) in <main>'[0m

  39) [STEP2] ユーザログイン後のテスト 自分の投稿詳細画面のテスト 削除リンクのテスト application.html.erbにjavascript_pack_tagを含んでいる
      [31mFailure/Error: let!(:book) { create(:book, user: user) }[0m
      [31m[0m
      [31mNoMethodError:[0m
      [31m  undefined method `body=' for #<Book id: nil, title: "g5y2c", opinion: nil, user_id: nil, created_at: nil, updated_at: nil>[0m
      [36m# ./spec/system/02_after_login_spec.rb:6:in `block (2 levels) in <main>'[0m

  40) [STEP2] ユーザログイン後のテスト 自分の投稿詳細画面のテスト 削除リンクのテスト 正しく削除される
      [31mFailure/Error: let!(:book) { create(:book, user: user) }[0m
      [31m[0m
      [31mNoMethodError:[0m
      [31m  undefined method `body=' for #<Book id: nil, title: "mzxa0", opinion: nil, user_id: nil, created_at: nil, updated_at: nil>[0m
      [36m# ./spec/system/02_after_login_spec.rb:6:in `block (2 levels) in <main>'[0m

  41) [STEP2] ユーザログイン後のテスト 自分の投稿詳細画面のテスト 削除リンクのテスト リダイレクト先が、投稿一覧画面になっている
      [31mFailure/Error: let!(:book) { create(:book, user: user) }[0m
      [31m[0m
      [31mNoMethodError:[0m
      [31m  undefined method `body=' for #<Book id: nil, title: "87t7c", opinion: nil, user_id: nil, created_at: nil, updated_at: nil>[0m
      [36m# ./spec/system/02_after_login_spec.rb:6:in `block (2 levels) in <main>'[0m

  42) [STEP2] ユーザログイン後のテスト 自分の投稿編集画面のテスト 表示の確認 URLが正しい
      [31mFailure/Error: let!(:book) { create(:book, user: user) }[0m
      [31m[0m
      [31mNoMethodError:[0m
      [31m  undefined method `body=' for #<Book id: nil, title: "uj0t8", opinion: nil, user_id: nil, created_at: nil, updated_at: nil>[0m
      [36m# ./spec/system/02_after_login_spec.rb:6:in `block (2 levels) in <main>'[0m

  43) [STEP2] ユーザログイン後のテスト 自分の投稿編集画面のテスト 表示の確認 「Editing Book」と表示される
      [31mFailure/Error: let!(:book) { create(:book, user: user) }[0m
      [31m[0m
      [31mNoMethodError:[0m
      [31m  undefined method `body=' for #<Book id: nil, title: "x4gvy", opinion: nil, user_id: nil, created_at: nil, updated_at: nil>[0m
      [36m# ./spec/system/02_after_login_spec.rb:6:in `block (2 levels) in <main>'[0m

  44) [STEP2] ユーザログイン後のテスト 自分の投稿編集画面のテスト 表示の確認 title編集フォームが表示される
      [31mFailure/Error: let!(:book) { create(:book, user: user) }[0m
      [31m[0m
      [31mNoMethodError:[0m
      [31m  undefined method `body=' for #<Book id: nil, title: "91lpi", opinion: nil, user_id: nil, created_at: nil, updated_at: nil>[0m
      [36m# ./spec/system/02_after_login_spec.rb:6:in `block (2 levels) in <main>'[0m

  45) [STEP2] ユーザログイン後のテスト 自分の投稿編集画面のテスト 表示の確認 body編集フォームが表示される
      [31mFailure/Error: let!(:book) { create(:book, user: user) }[0m
      [31m[0m
      [31mNoMethodError:[0m
      [31m  undefined method `body=' for #<Book id: nil, title: "eomyc", opinion: nil, user_id: nil, created_at: nil, updated_at: nil>[0m
      [36m# ./spec/system/02_after_login_spec.rb:6:in `block (2 levels) in <main>'[0m

  46) [STEP2] ユーザログイン後のテスト 自分の投稿編集画面のテスト 表示の確認 Update Bookボタンが表示される
      [31mFailure/Error: let!(:book) { create(:book, user: user) }[0m
      [31m[0m
      [31mNoMethodError:[0m
      [31m  undefined method `body=' for #<Book id: nil, title: "qyaaj", opinion: nil, user_id: nil, created_at: nil, updated_at: nil>[0m
      [36m# ./spec/system/02_after_login_spec.rb:6:in `block (2 levels) in <main>'[0m

  47) [STEP2] ユーザログイン後のテスト 自分の投稿編集画面のテスト 表示の確認 Showリンクが表示される
      [31mFailure/Error: let!(:book) { create(:book, user: user) }[0m
      [31m[0m
      [31mNoMethodError:[0m
      [31m  undefined method `body=' for #<Book id: nil, title: "5629h", opinion: nil, user_id: nil, created_at: nil, updated_at: nil>[0m
      [36m# ./spec/system/02_after_login_spec.rb:6:in `block (2 levels) in <main>'[0m

  48) [STEP2] ユーザログイン後のテスト 自分の投稿編集画面のテスト 表示の確認 Backリンクが表示される
      [31mFailure/Error: let!(:book) { create(:book, user: user) }[0m
      [31m[0m
      [31mNoMethodError:[0m
      [31m  undefined method `body=' for #<Book id: nil, title: "3y6z2", opinion: nil, user_id: nil, created_at: nil, updated_at: nil>[0m
      [36m# ./spec/system/02_after_login_spec.rb:6:in `block (2 levels) in <main>'[0m

  49) [STEP2] ユーザログイン後のテスト 自分の投稿編集画面のテスト 編集成功のテスト titleが正しく更新される
      [31mFailure/Error: let!(:book) { create(:book, user: user) }[0m
      [31m[0m
      [31mNoMethodError:[0m
      [31m  undefined method `body=' for #<Book id: nil, title: "pxvud", opinion: nil, user_id: nil, created_at: nil, updated_at: nil>[0m
      [36m# ./spec/system/02_after_login_spec.rb:6:in `block (2 levels) in <main>'[0m

  50) [STEP2] ユーザログイン後のテスト 自分の投稿編集画面のテスト 編集成功のテスト bodyが正しく更新される
      [31mFailure/Error: let!(:book) { create(:book, user: user) }[0m
      [31m[0m
      [31mNoMethodError:[0m
      [31m  undefined method `body=' for #<Book id: nil, title: "bnx07", opinion: nil, user_id: nil, created_at: nil, updated_at: nil>[0m
      [36m# ./spec/system/02_after_login_spec.rb:6:in `block (2 levels) in <main>'[0m

  51) [STEP2] ユーザログイン後のテスト 自分の投稿編集画面のテスト 編集成功のテスト リダイレクト先が、更新した投稿の詳細画面になっている
      [31mFailure/Error: let!(:book) { create(:book, user: user) }[0m
      [31m[0m
      [31mNoMethodError:[0m
      [31m  undefined method `body=' for #<Book id: nil, title: "fh5cy", opinion: nil, user_id: nil, created_at: nil, updated_at: nil>[0m
      [36m# ./spec/system/02_after_login_spec.rb:6:in `block (2 levels) in <main>'[0m

  52) [STEP2] ユーザログイン後のテスト ユーザ一覧画面のテスト 表示内容の確認 URLが正しい
      [31mFailure/Error: let!(:book) { create(:book, user: user) }[0m
      [31m[0m
      [31mNoMethodError:[0m
      [31m  undefined method `body=' for #<Book id: nil, title: "pvbjc", opinion: nil, user_id: nil, created_at: nil, updated_at: nil>[0m
      [36m# ./spec/system/02_after_login_spec.rb:6:in `block (2 levels) in <main>'[0m

  53) [STEP2] ユーザログイン後のテスト ユーザ一覧画面のテスト 表示内容の確認 自分と他人の画像が表示される: fallbackの画像がサイドバーの1つ＋一覧(2人)の2つの計3つ存在する
      [31mFailure/Error: let!(:book) { create(:book, user: user) }[0m
      [31m[0m
      [31mNoMethodError:[0m
      [31m  undefined method `body=' for #<Book id: nil, title: "xex3b", opinion: nil, user_id: nil, created_at: nil, updated_at: nil>[0m
      [36m# ./spec/system/02_after_login_spec.rb:6:in `block (2 levels) in <main>'[0m

  54) [STEP2] ユーザログイン後のテスト ユーザ一覧画面のテスト 表示内容の確認 自分と他人の名前がそれぞれ表示される
      [31mFailure/Error: let!(:book) { create(:book, user: user) }[0m
      [31m[0m
      [31mNoMethodError:[0m
      [31m  undefined method `body=' for #<Book id: nil, title: "2pg31", opinion: nil, user_id: nil, created_at: nil, updated_at: nil>[0m
      [36m# ./spec/system/02_after_login_spec.rb:6:in `block (2 levels) in <main>'[0m

  55) [STEP2] ユーザログイン後のテスト ユーザ一覧画面のテスト 表示内容の確認 自分と他人のshowリンクがそれぞれ表示される
      [31mFailure/Error: let!(:book) { create(:book, user: user) }[0m
      [31m[0m
      [31mNoMethodError:[0m
      [31m  undefined method `body=' for #<Book id: nil, title: "a8z8b", opinion: nil, user_id: nil, created_at: nil, updated_at: nil>[0m
      [36m# ./spec/system/02_after_login_spec.rb:6:in `block (2 levels) in <main>'[0m

  56) [STEP2] ユーザログイン後のテスト ユーザ一覧画面のテスト サイドバーの確認 自分の名前と紹介文が表示される
      [31mFailure/Error: let!(:book) { create(:book, user: user) }[0m
      [31m[0m
      [31mNoMethodError:[0m
      [31m  undefined method `body=' for #<Book id: nil, title: "xyxq2", opinion: nil, user_id: nil, created_at: nil, updated_at: nil>[0m
      [36m# ./spec/system/02_after_login_spec.rb:6:in `block (2 levels) in <main>'[0m

  57) [STEP2] ユーザログイン後のテスト ユーザ一覧画面のテスト サイドバーの確認 自分のユーザ編集画面へのリンクが存在する
      [31mFailure/Error: let!(:book) { create(:book, user: user) }[0m
      [31m[0m
      [31mNoMethodError:[0m
      [31m  undefined method `body=' for #<Book id: nil, title: "o8r0b", opinion: nil, user_id: nil, created_at: nil, updated_at: nil>[0m
      [36m# ./spec/system/02_after_login_spec.rb:6:in `block (2 levels) in <main>'[0m

  58) [STEP2] ユーザログイン後のテスト ユーザ一覧画面のテスト サイドバーの確認 「New book」と表示される
      [31mFailure/Error: let!(:book) { create(:book, user: user) }[0m
      [31m[0m
      [31mNoMethodError:[0m
      [31m  undefined method `body=' for #<Book id: nil, title: "eqnar", opinion: nil, user_id: nil, created_at: nil, updated_at: nil>[0m
      [36m# ./spec/system/02_after_login_spec.rb:6:in `block (2 levels) in <main>'[0m

  59) [STEP2] ユーザログイン後のテスト ユーザ一覧画面のテスト サイドバーの確認 titleフォームが表示される
      [31mFailure/Error: let!(:book) { create(:book, user: user) }[0m
      [31m[0m
      [31mNoMethodError:[0m
      [31m  undefined method `body=' for #<Book id: nil, title: "ij5s1", opinion: nil, user_id: nil, created_at: nil, updated_at: nil>[0m
      [36m# ./spec/system/02_after_login_spec.rb:6:in `block (2 levels) in <main>'[0m

  60) [STEP2] ユーザログイン後のテスト ユーザ一覧画面のテスト サイドバーの確認 titleフォームに値が入っていない
      [31mFailure/Error: let!(:book) { create(:book, user: user) }[0m
      [31m[0m
      [31mNoMethodError:[0m
      [31m  undefined method `body=' for #<Book id: nil, title: "ylhc8", opinion: nil, user_id: nil, created_at: nil, updated_at: nil>[0m
      [36m# ./spec/system/02_after_login_spec.rb:6:in `block (2 levels) in <main>'[0m

  61) [STEP2] ユーザログイン後のテスト ユーザ一覧画面のテスト サイドバーの確認 bodyフォームが表示される
      [31mFailure/Error: let!(:book) { create(:book, user: user) }[0m
      [31m[0m
      [31mNoMethodError:[0m
      [31m  undefined method `body=' for #<Book id: nil, title: "2rroz", opinion: nil, user_id: nil, created_at: nil, updated_at: nil>[0m
      [36m# ./spec/system/02_after_login_spec.rb:6:in `block (2 levels) in <main>'[0m

  62) [STEP2] ユーザログイン後のテスト ユーザ一覧画面のテスト サイドバーの確認 bodyフォームに値が入っていない
      [31mFailure/Error: let!(:book) { create(:book, user: user) }[0m
      [31m[0m
      [31mNoMethodError:[0m
      [31m  undefined method `body=' for #<Book id: nil, title: "58z3v", opinion: nil, user_id: nil, created_at: nil, updated_at: nil>[0m
      [36m# ./spec/system/02_after_login_spec.rb:6:in `block (2 levels) in <main>'[0m

  63) [STEP2] ユーザログイン後のテスト ユーザ一覧画面のテスト サイドバーの確認 Create Bookボタンが表示される
      [31mFailure/Error: let!(:book) { create(:book, user: user) }[0m
      [31m[0m
      [31mNoMethodError:[0m
      [31m  undefined method `body=' for #<Book id: nil, title: "597g4", opinion: nil, user_id: nil, created_at: nil, updated_at: nil>[0m
      [36m# ./spec/system/02_after_login_spec.rb:6:in `block (2 levels) in <main>'[0m

  64) [STEP2] ユーザログイン後のテスト 自分のユーザ詳細画面のテスト 表示の確認 URLが正しい
      [31mFailure/Error: let!(:book) { create(:book, user: user) }[0m
      [31m[0m
      [31mNoMethodError:[0m
      [31m  undefined method `body=' for #<Book id: nil, title: "curzu", opinion: nil, user_id: nil, created_at: nil, updated_at: nil>[0m
      [36m# ./spec/system/02_after_login_spec.rb:6:in `block (2 levels) in <main>'[0m

  65) [STEP2] ユーザログイン後のテスト 自分のユーザ詳細画面のテスト 表示の確認 投稿一覧のユーザ画像のリンク先が正しい
      [31mFailure/Error: let!(:book) { create(:book, user: user) }[0m
      [31m[0m
      [31mNoMethodError:[0m
      [31m  undefined method `body=' for #<Book id: nil, title: "7smuh", opinion: nil, user_id: nil, created_at: nil, updated_at: nil>[0m
      [36m# ./spec/system/02_after_login_spec.rb:6:in `block (2 levels) in <main>'[0m

  66) [STEP2] ユーザログイン後のテスト 自分のユーザ詳細画面のテスト 表示の確認 投稿一覧に自分の投稿のtitleが表示され、リンクが正しい
      [31mFailure/Error: let!(:book) { create(:book, user: user) }[0m
      [31m[0m
      [31mNoMethodError:[0m
      [31m  undefined method `body=' for #<Book id: nil, title: "oi49f", opinion: nil, user_id: nil, created_at: nil, updated_at: nil>[0m
      [36m# ./spec/system/02_after_login_spec.rb:6:in `block (2 levels) in <main>'[0m

  67) [STEP2] ユーザログイン後のテスト 自分のユーザ詳細画面のテスト 表示の確認 投稿一覧に自分の投稿のbodyが表示される
      [31mFailure/Error: let!(:book) { create(:book, user: user) }[0m
      [31m[0m
      [31mNoMethodError:[0m
      [31m  undefined method `body=' for #<Book id: nil, title: "9acc4", opinion: nil, user_id: nil, created_at: nil, updated_at: nil>[0m
      [36m# ./spec/system/02_after_login_spec.rb:6:in `block (2 levels) in <main>'[0m

  68) [STEP2] ユーザログイン後のテスト 自分のユーザ詳細画面のテスト 表示の確認 他人の投稿は表示されない
      [31mFailure/Error: let!(:book) { create(:book, user: user) }[0m
      [31m[0m
      [31mNoMethodError:[0m
      [31m  undefined method `body=' for #<Book id: nil, title: "bi3b1", opinion: nil, user_id: nil, created_at: nil, updated_at: nil>[0m
      [36m# ./spec/system/02_after_login_spec.rb:6:in `block (2 levels) in <main>'[0m

  69) [STEP2] ユーザログイン後のテスト 自分のユーザ詳細画面のテスト サイドバーの確認 自分の名前と紹介文が表示される
      [31mFailure/Error: let!(:book) { create(:book, user: user) }[0m
      [31m[0m
      [31mNoMethodError:[0m
      [31m  undefined method `body=' for #<Book id: nil, title: "5pgl8", opinion: nil, user_id: nil, created_at: nil, updated_at: nil>[0m
      [36m# ./spec/system/02_after_login_spec.rb:6:in `block (2 levels) in <main>'[0m

  70) [STEP2] ユーザログイン後のテスト 自分のユーザ詳細画面のテスト サイドバーの確認 自分のユーザ編集画面へのリンクが存在する
      [31mFailure/Error: let!(:book) { create(:book, user: user) }[0m
      [31m[0m
      [31mNoMethodError:[0m
      [31m  undefined method `body=' for #<Book id: nil, title: "s3ju0", opinion: nil, user_id: nil, created_at: nil, updated_at: nil>[0m
      [36m# ./spec/system/02_after_login_spec.rb:6:in `block (2 levels) in <main>'[0m

  71) [STEP2] ユーザログイン後のテスト 自分のユーザ詳細画面のテスト サイドバーの確認 「New book」と表示される
      [31mFailure/Error: let!(:book) { create(:book, user: user) }[0m
      [31m[0m
      [31mNoMethodError:[0m
      [31m  undefined method `body=' for #<Book id: nil, title: "0d9y6", opinion: nil, user_id: nil, created_at: nil, updated_at: nil>[0m
      [36m# ./spec/system/02_after_login_spec.rb:6:in `block (2 levels) in <main>'[0m

  72) [STEP2] ユーザログイン後のテスト 自分のユーザ詳細画面のテスト サイドバーの確認 titleフォームが表示される
      [31mFailure/Error: let!(:book) { create(:book, user: user) }[0m
      [31m[0m
      [31mNoMethodError:[0m
      [31m  undefined method `body=' for #<Book id: nil, title: "i5eee", opinion: nil, user_id: nil, created_at: nil, updated_at: nil>[0m
      [36m# ./spec/system/02_after_login_spec.rb:6:in `block (2 levels) in <main>'[0m

  73) [STEP2] ユーザログイン後のテスト 自分のユーザ詳細画面のテスト サイドバーの確認 titleフォームに値が入っていない
      [31mFailure/Error: let!(:book) { create(:book, user: user) }[0m
      [31m[0m
      [31mNoMethodError:[0m
      [31m  undefined method `body=' for #<Book id: nil, title: "hfgfe", opinion: nil, user_id: nil, created_at: nil, updated_at: nil>[0m
      [36m# ./spec/system/02_after_login_spec.rb:6:in `block (2 levels) in <main>'[0m

  74) [STEP2] ユーザログイン後のテスト 自分のユーザ詳細画面のテスト サイドバーの確認 bodyフォームが表示される
      [31mFailure/Error: let!(:book) { create(:book, user: user) }[0m
      [31m[0m
      [31mNoMethodError:[0m
      [31m  undefined method `body=' for #<Book id: nil, title: "yndxo", opinion: nil, user_id: nil, created_at: nil, updated_at: nil>[0m
      [36m# ./spec/system/02_after_login_spec.rb:6:in `block (2 levels) in <main>'[0m

  75) [STEP2] ユーザログイン後のテスト 自分のユーザ詳細画面のテスト サイドバーの確認 bodyフォームに値が入っていない
      [31mFailure/Error: let!(:book) { create(:book, user: user) }[0m
      [31m[0m
      [31mNoMethodError:[0m
      [31m  undefined method `body=' for #<Book id: nil, title: "k014c", opinion: nil, user_id: nil, created_at: nil, updated_at: nil>[0m
      [36m# ./spec/system/02_after_login_spec.rb:6:in `block (2 levels) in <main>'[0m

  76) [STEP2] ユーザログイン後のテスト 自分のユーザ詳細画面のテスト サイドバーの確認 Create Bookボタンが表示される
      [31mFailure/Error: let!(:book) { create(:book, user: user) }[0m
      [31m[0m
      [31mNoMethodError:[0m
      [31m  undefined method `body=' for #<Book id: nil, title: "omkqu", opinion: nil, user_id: nil, created_at: nil, updated_at: nil>[0m
      [36m# ./spec/system/02_after_login_spec.rb:6:in `block (2 levels) in <main>'[0m

  77) [STEP2] ユーザログイン後のテスト 自分のユーザ情報編集画面のテスト 表示の確認 URLが正しい
      [31mFailure/Error: let!(:book) { create(:book, user: user) }[0m
      [31m[0m
      [31mNoMethodError:[0m
      [31m  undefined method `body=' for #<Book id: nil, title: "ucfdq", opinion: nil, user_id: nil, created_at: nil, updated_at: nil>[0m
      [36m# ./spec/system/02_after_login_spec.rb:6:in `block (2 levels) in <main>'[0m

  78) [STEP2] ユーザログイン後のテスト 自分のユーザ情報編集画面のテスト 表示の確認 名前編集フォームに自分の名前が表示される
      [31mFailure/Error: let!(:book) { create(:book, user: user) }[0m
      [31m[0m
      [31mNoMethodError:[0m
      [31m  undefined method `body=' for #<Book id: nil, title: "59kpw", opinion: nil, user_id: nil, created_at: nil, updated_at: nil>[0m
      [36m# ./spec/system/02_after_login_spec.rb:6:in `block (2 levels) in <main>'[0m

  79) [STEP2] ユーザログイン後のテスト 自分のユーザ情報編集画面のテスト 表示の確認 画像編集フォームが表示される
      [31mFailure/Error: let!(:book) { create(:book, user: user) }[0m
      [31m[0m
      [31mNoMethodError:[0m
      [31m  undefined method `body=' for #<Book id: nil, title: "jadlj", opinion: nil, user_id: nil, created_at: nil, updated_at: nil>[0m
      [36m# ./spec/system/02_after_login_spec.rb:6:in `block (2 levels) in <main>'[0m

  80) [STEP2] ユーザログイン後のテスト 自分のユーザ情報編集画面のテスト 表示の確認 自己紹介編集フォームに自分の自己紹介文が表示される
      [31mFailure/Error: let!(:book) { create(:book, user: user) }[0m
      [31m[0m
      [31mNoMethodError:[0m
      [31m  undefined method `body=' for #<Book id: nil, title: "2v2bx", opinion: nil, user_id: nil, created_at: nil, updated_at: nil>[0m
      [36m# ./spec/system/02_after_login_spec.rb:6:in `block (2 levels) in <main>'[0m

  81) [STEP2] ユーザログイン後のテスト 自分のユーザ情報編集画面のテスト 表示の確認 Update Userボタンが表示される
      [31mFailure/Error: let!(:book) { create(:book, user: user) }[0m
      [31m[0m
      [31mNoMethodError:[0m
      [31m  undefined method `body=' for #<Book id: nil, title: "04zzc", opinion: nil, user_id: nil, created_at: nil, updated_at: nil>[0m
      [36m# ./spec/system/02_after_login_spec.rb:6:in `block (2 levels) in <main>'[0m

  82) [STEP2] ユーザログイン後のテスト 自分のユーザ情報編集画面のテスト 更新成功のテスト nameが正しく更新される
      [31mFailure/Error: let!(:book) { create(:book, user: user) }[0m
      [31m[0m
      [31mNoMethodError:[0m
      [31m  undefined method `body=' for #<Book id: nil, title: "4nk47", opinion: nil, user_id: nil, created_at: nil, updated_at: nil>[0m
      [36m# ./spec/system/02_after_login_spec.rb:6:in `block (2 levels) in <main>'[0m

  83) [STEP2] ユーザログイン後のテスト 自分のユーザ情報編集画面のテスト 更新成功のテスト introductionが正しく更新される
      [31mFailure/Error: let!(:book) { create(:book, user: user) }[0m
      [31m[0m
      [31mNoMethodError:[0m
      [31m  undefined method `body=' for #<Book id: nil, title: "7bmgh", opinion: nil, user_id: nil, created_at: nil, updated_at: nil>[0m
      [36m# ./spec/system/02_after_login_spec.rb:6:in `block (2 levels) in <main>'[0m

  84) [STEP2] ユーザログイン後のテスト 自分のユーザ情報編集画面のテスト 更新成功のテスト リダイレクト先が、自分のユーザ詳細画面になっている
      [31mFailure/Error: let!(:book) { create(:book, user: user) }[0m
      [31m[0m
      [31mNoMethodError:[0m
      [31m  undefined method `body=' for #<Book id: nil, title: "00v4m", opinion: nil, user_id: nil, created_at: nil, updated_at: nil>[0m
      [36m# ./spec/system/02_after_login_spec.rb:6:in `block (2 levels) in <main>'[0m

  85) [STEP3] 仕上げのテスト サクセスメッセージのテスト ユーザ新規登録成功時
      [31mFailure/Error: let!(:book) { create(:book, user: user) }[0m
      [31m[0m
      [31mNoMethodError:[0m
      [31m  undefined method `body=' for #<Book id: nil, title: "rimx5", opinion: nil, user_id: nil, created_at: nil, updated_at: nil>[0m
      [36m# ./spec/system/03_finishing_touches_spec.rb:6:in `block (2 levels) in <main>'[0m

  86) [STEP3] 仕上げのテスト サクセスメッセージのテスト ユーザログイン成功時
      [31mFailure/Error: let!(:book) { create(:book, user: user) }[0m
      [31m[0m
      [31mNoMethodError:[0m
      [31m  undefined method `body=' for #<Book id: nil, title: "gk5jb", opinion: nil, user_id: nil, created_at: nil, updated_at: nil>[0m
      [36m# ./spec/system/03_finishing_touches_spec.rb:6:in `block (2 levels) in <main>'[0m

  87) [STEP3] 仕上げのテスト サクセスメッセージのテスト ユーザログアウト成功時
      [31mFailure/Error: let!(:book) { create(:book, user: user) }[0m
      [31m[0m
      [31mNoMethodError:[0m
      [31m  undefined method `body=' for #<Book id: nil, title: "e03mv", opinion: nil, user_id: nil, created_at: nil, updated_at: nil>[0m
      [36m# ./spec/system/03_finishing_touches_spec.rb:6:in `block (2 levels) in <main>'[0m

  88) [STEP3] 仕上げのテスト サクセスメッセージのテスト ユーザのプロフィール情報更新成功時
      [31mFailure/Error: let!(:book) { create(:book, user: user) }[0m
      [31m[0m
      [31mNoMethodError:[0m
      [31m  undefined method `body=' for #<Book id: nil, title: "yi3at", opinion: nil, user_id: nil, created_at: nil, updated_at: nil>[0m
      [36m# ./spec/system/03_finishing_touches_spec.rb:6:in `block (2 levels) in <main>'[0m

  89) [STEP3] 仕上げのテスト サクセスメッセージのテスト 投稿データの新規投稿成功時: 投稿一覧画面から行います。
      [31mFailure/Error: let!(:book) { create(:book, user: user) }[0m
      [31m[0m
      [31mNoMethodError:[0m
      [31m  undefined method `body=' for #<Book id: nil, title: "ysris", opinion: nil, user_id: nil, created_at: nil, updated_at: nil>[0m
      [36m# ./spec/system/03_finishing_touches_spec.rb:6:in `block (2 levels) in <main>'[0m

  90) [STEP3] 仕上げのテスト サクセスメッセージのテスト 投稿データの更新成功時
      [31mFailure/Error: let!(:book) { create(:book, user: user) }[0m
      [31m[0m
      [31mNoMethodError:[0m
      [31m  undefined method `body=' for #<Book id: nil, title: "65v7u", opinion: nil, user_id: nil, created_at: nil, updated_at: nil>[0m
      [36m# ./spec/system/03_finishing_touches_spec.rb:6:in `block (2 levels) in <main>'[0m

  91) [STEP3] 仕上げのテスト 処理失敗時のテスト ユーザ新規登録失敗: nameを1文字にする 新規登録されない
      [31mFailure/Error: let!(:book) { create(:book, user: user) }[0m
      [31m[0m
      [31mNoMethodError:[0m
      [31m  undefined method `body=' for #<Book id: nil, title: "m4372", opinion: nil, user_id: nil, created_at: nil, updated_at: nil>[0m
      [36m# ./spec/system/03_finishing_touches_spec.rb:6:in `block (2 levels) in <main>'[0m

  92) [STEP3] 仕上げのテスト 処理失敗時のテスト ユーザ新規登録失敗: nameを1文字にする 新規登録画面を表示しており、フォームの内容が正しい
      [31mFailure/Error: let!(:book) { create(:book, user: user) }[0m
      [31m[0m
      [31mNoMethodError:[0m
      [31m  undefined method `body=' for #<Book id: nil, title: "sye2p", opinion: nil, user_id: nil, created_at: nil, updated_at: nil>[0m
      [36m# ./spec/system/03_finishing_touches_spec.rb:6:in `block (2 levels) in <main>'[0m

  93) [STEP3] 仕上げのテスト 処理失敗時のテスト ユーザ新規登録失敗: nameを1文字にする バリデーションエラーが表示される
      [31mFailure/Error: let!(:book) { create(:book, user: user) }[0m
      [31m[0m
      [31mNoMethodError:[0m
      [31m  undefined method `body=' for #<Book id: nil, title: "9029m", opinion: nil, user_id: nil, created_at: nil, updated_at: nil>[0m
      [36m# ./spec/system/03_finishing_touches_spec.rb:6:in `block (2 levels) in <main>'[0m

  94) [STEP3] 仕上げのテスト 処理失敗時のテスト ユーザのプロフィール情報編集失敗: nameを1文字にする 更新されない
      [31mFailure/Error: let!(:book) { create(:book, user: user) }[0m
      [31m[0m
      [31mNoMethodError:[0m
      [31m  undefined method `body=' for #<Book id: nil, title: "1nb47", opinion: nil, user_id: nil, created_at: nil, updated_at: nil>[0m
      [36m# ./spec/system/03_finishing_touches_spec.rb:6:in `block (2 levels) in <main>'[0m

  95) [STEP3] 仕上げのテスト 処理失敗時のテスト ユーザのプロフィール情報編集失敗: nameを1文字にする ユーザ編集画面を表示しており、フォームの内容が正しい
      [31mFailure/Error: let!(:book) { create(:book, user: user) }[0m
      [31m[0m
      [31mNoMethodError:[0m
      [31m  undefined method `body=' for #<Book id: nil, title: "puw3g", opinion: nil, user_id: nil, created_at: nil, updated_at: nil>[0m
      [36m# ./spec/system/03_finishing_touches_spec.rb:6:in `block (2 levels) in <main>'[0m

  96) [STEP3] 仕上げのテスト 処理失敗時のテスト ユーザのプロフィール情報編集失敗: nameを1文字にする バリデーションエラーが表示される
      [31mFailure/Error: let!(:book) { create(:book, user: user) }[0m
      [31m[0m
      [31mNoMethodError:[0m
      [31m  undefined method `body=' for #<Book id: nil, title: "h32g4", opinion: nil, user_id: nil, created_at: nil, updated_at: nil>[0m
      [36m# ./spec/system/03_finishing_touches_spec.rb:6:in `block (2 levels) in <main>'[0m

  97) [STEP3] 仕上げのテスト 処理失敗時のテスト 投稿データの新規投稿失敗: 投稿一覧画面から行い、titleを空にする 投稿が保存されない
      [31mFailure/Error: let!(:book) { create(:book, user: user) }[0m
      [31m[0m
      [31mNoMethodError:[0m
      [31m  undefined method `body=' for #<Book id: nil, title: "xqt9d", opinion: nil, user_id: nil, created_at: nil, updated_at: nil>[0m
      [36m# ./spec/system/03_finishing_touches_spec.rb:6:in `block (2 levels) in <main>'[0m

  98) [STEP3] 仕上げのテスト 処理失敗時のテスト 投稿データの新規投稿失敗: 投稿一覧画面から行い、titleを空にする 投稿一覧画面を表示している
      [31mFailure/Error: let!(:book) { create(:book, user: user) }[0m
      [31m[0m
      [31mNoMethodError:[0m
      [31m  undefined method `body=' for #<Book id: nil, title: "un35l", opinion: nil, user_id: nil, created_at: nil, updated_at: nil>[0m
      [36m# ./spec/system/03_finishing_touches_spec.rb:6:in `block (2 levels) in <main>'[0m

  99) [STEP3] 仕上げのテスト 処理失敗時のテスト 投稿データの新規投稿失敗: 投稿一覧画面から行い、titleを空にする 新規投稿フォームの内容が正しい
      [31mFailure/Error: let!(:book) { create(:book, user: user) }[0m
      [31m[0m
      [31mNoMethodError:[0m
      [31m  undefined method `body=' for #<Book id: nil, title: "pqefl", opinion: nil, user_id: nil, created_at: nil, updated_at: nil>[0m
      [36m# ./spec/system/03_finishing_touches_spec.rb:6:in `block (2 levels) in <main>'[0m

  100) [STEP3] 仕上げのテスト 処理失敗時のテスト 投稿データの新規投稿失敗: 投稿一覧画面から行い、titleを空にする バリデーションエラーが表示される
       [31mFailure/Error: let!(:book) { create(:book, user: user) }[0m
       [31m[0m
       [31mNoMethodError:[0m
       [31m  undefined method `body=' for #<Book id: nil, title: "2ujsx", opinion: nil, user_id: nil, created_at: nil, updated_at: nil>[0m
       [36m# ./spec/system/03_finishing_touches_spec.rb:6:in `block (2 levels) in <main>'[0m

  101) [STEP3] 仕上げのテスト 処理失敗時のテスト 投稿データの更新失敗: titleを空にする 投稿が更新されない
       [31mFailure/Error: let!(:book) { create(:book, user: user) }[0m
       [31m[0m
       [31mNoMethodError:[0m
       [31m  undefined method `body=' for #<Book id: nil, title: "yzsl5", opinion: nil, user_id: nil, created_at: nil, updated_at: nil>[0m
       [36m# ./spec/system/03_finishing_touches_spec.rb:6:in `block (2 levels) in <main>'[0m

  102) [STEP3] 仕上げのテスト 処理失敗時のテスト 投稿データの更新失敗: titleを空にする 投稿編集画面を表示しており、フォームの内容が正しい
       [31mFailure/Error: let!(:book) { create(:book, user: user) }[0m
       [31m[0m
       [31mNoMethodError:[0m
       [31m  undefined method `body=' for #<Book id: nil, title: "t1al1", opinion: nil, user_id: nil, created_at: nil, updated_at: nil>[0m
       [36m# ./spec/system/03_finishing_touches_spec.rb:6:in `block (2 levels) in <main>'[0m

  103) [STEP3] 仕上げのテスト 処理失敗時のテスト 投稿データの更新失敗: titleを空にする エラーメッセージが表示される
       [31mFailure/Error: let!(:book) { create(:book, user: user) }[0m
       [31m[0m
       [31mNoMethodError:[0m
       [31m  undefined method `body=' for #<Book id: nil, title: "a0s9f", opinion: nil, user_id: nil, created_at: nil, updated_at: nil>[0m
       [36m# ./spec/system/03_finishing_touches_spec.rb:6:in `block (2 levels) in <main>'[0m

  104) [STEP3] 仕上げのテスト ログインしていない場合のアクセス制限のテスト: アクセスできず、ログイン画面に遷移する ユーザ一覧画面
       [31mFailure/Error: let!(:book) { create(:book, user: user) }[0m
       [31m[0m
       [31mNoMethodError:[0m
       [31m  undefined method `body=' for #<Book id: nil, title: "r3bqh", opinion: nil, user_id: nil, created_at: nil, updated_at: nil>[0m
       [36m# ./spec/system/03_finishing_touches_spec.rb:6:in `block (2 levels) in <main>'[0m

  105) [STEP3] 仕上げのテスト ログインしていない場合のアクセス制限のテスト: アクセスできず、ログイン画面に遷移する ユーザ詳細画面
       [31mFailure/Error: let!(:book) { create(:book, user: user) }[0m
       [31m[0m
       [31mNoMethodError:[0m
       [31m  undefined method `body=' for #<Book id: nil, title: "f171w", opinion: nil, user_id: nil, created_at: nil, updated_at: nil>[0m
       [36m# ./spec/system/03_finishing_touches_spec.rb:6:in `block (2 levels) in <main>'[0m

  106) [STEP3] 仕上げのテスト ログインしていない場合のアクセス制限のテスト: アクセスできず、ログイン画面に遷移する ユーザ情報編集画面
       [31mFailure/Error: let!(:book) { create(:book, user: user) }[0m
       [31m[0m
       [31mNoMethodError:[0m
       [31m  undefined method `body=' for #<Book id: nil, title: "crbqe", opinion: nil, user_id: nil, created_at: nil, updated_at: nil>[0m
       [36m# ./spec/system/03_finishing_touches_spec.rb:6:in `block (2 levels) in <main>'[0m

  107) [STEP3] 仕上げのテスト ログインしていない場合のアクセス制限のテスト: アクセスできず、ログイン画面に遷移する 投稿一覧画面
       [31mFailure/Error: let!(:book) { create(:book, user: user) }[0m
       [31m[0m
       [31mNoMethodError:[0m
       [31m  undefined method `body=' for #<Book id: nil, title: "9br05", opinion: nil, user_id: nil, created_at: nil, updated_at: nil>[0m
       [36m# ./spec/system/03_finishing_touches_spec.rb:6:in `block (2 levels) in <main>'[0m

  108) [STEP3] 仕上げのテスト ログインしていない場合のアクセス制限のテスト: アクセスできず、ログイン画面に遷移する 投稿詳細画面
       [31mFailure/Error: let!(:book) { create(:book, user: user) }[0m
       [31m[0m
       [31mNoMethodError:[0m
       [31m  undefined method `body=' for #<Book id: nil, title: "7olpq", opinion: nil, user_id: nil, created_at: nil, updated_at: nil>[0m
       [36m# ./spec/system/03_finishing_touches_spec.rb:6:in `block (2 levels) in <main>'[0m

  109) [STEP3] 仕上げのテスト ログインしていない場合のアクセス制限のテスト: アクセスできず、ログイン画面に遷移する 投稿編集画面
       [31mFailure/Error: let!(:book) { create(:book, user: user) }[0m
       [31m[0m
       [31mNoMethodError:[0m
       [31m  undefined method `body=' for #<Book id: nil, title: "bat8f", opinion: nil, user_id: nil, created_at: nil, updated_at: nil>[0m
       [36m# ./spec/system/03_finishing_touches_spec.rb:6:in `block (2 levels) in <main>'[0m

  110) [STEP3] 仕上げのテスト 他人の画面のテスト 他人の投稿詳細画面のテスト 表示内容の確認 URLが正しい
       [31mFailure/Error: let!(:book) { create(:book, user: user) }[0m
       [31m[0m
       [31mNoMethodError:[0m
       [31m  undefined method `body=' for #<Book id: nil, title: "5j8ay", opinion: nil, user_id: nil, created_at: nil, updated_at: nil>[0m
       [36m# ./spec/system/03_finishing_touches_spec.rb:6:in `block (2 levels) in <main>'[0m

  111) [STEP3] 仕上げのテスト 他人の画面のテスト 他人の投稿詳細画面のテスト 表示内容の確認 「Book detail」と表示される
       [31mFailure/Error: let!(:book) { create(:book, user: user) }[0m
       [31m[0m
       [31mNoMethodError:[0m
       [31m  undefined method `body=' for #<Book id: nil, title: "pntxc", opinion: nil, user_id: nil, created_at: nil, updated_at: nil>[0m
       [36m# ./spec/system/03_finishing_touches_spec.rb:6:in `block (2 levels) in <main>'[0m

  112) [STEP3] 仕上げのテスト 他人の画面のテスト 他人の投稿詳細画面のテスト 表示内容の確認 ユーザ画像・名前のリンク先が正しい
       [31mFailure/Error: let!(:book) { create(:book, user: user) }[0m
       [31m[0m
       [31mNoMethodError:[0m
       [31m  undefined method `body=' for #<Book id: nil, title: "nj0mw", opinion: nil, user_id: nil, created_at: nil, updated_at: nil>[0m
       [36m# ./spec/system/03_finishing_touches_spec.rb:6:in `block (2 levels) in <main>'[0m

  113) [STEP3] 仕上げのテスト 他人の画面のテスト 他人の投稿詳細画面のテスト 表示内容の確認 投稿のtitleが表示される
       [31mFailure/Error: let!(:book) { create(:book, user: user) }[0m
       [31m[0m
       [31mNoMethodError:[0m
       [31m  undefined method `body=' for #<Book id: nil, title: "3o7w9", opinion: nil, user_id: nil, created_at: nil, updated_at: nil>[0m
       [36m# ./spec/system/03_finishing_touches_spec.rb:6:in `block (2 levels) in <main>'[0m

  114) [STEP3] 仕上げのテスト 他人の画面のテスト 他人の投稿詳細画面のテスト 表示内容の確認 投稿のopinionが表示される
       [31mFailure/Error: let!(:book) { create(:book, user: user) }[0m
       [31m[0m
       [31mNoMethodError:[0m
       [31m  undefined method `body=' for #<Book id: nil, title: "wxpkl", opinion: nil, user_id: nil, created_at: nil, updated_at: nil>[0m
       [36m# ./spec/system/03_finishing_touches_spec.rb:6:in `block (2 levels) in <main>'[0m

  115) [STEP3] 仕上げのテスト 他人の画面のテスト 他人の投稿詳細画面のテスト 表示内容の確認 投稿の編集リンクが表示されない
       [31mFailure/Error: let!(:book) { create(:book, user: user) }[0m
       [31m[0m
       [31mNoMethodError:[0m
       [31m  undefined method `body=' for #<Book id: nil, title: "khagk", opinion: nil, user_id: nil, created_at: nil, updated_at: nil>[0m
       [36m# ./spec/system/03_finishing_touches_spec.rb:6:in `block (2 levels) in <main>'[0m

  116) [STEP3] 仕上げのテスト 他人の画面のテスト 他人の投稿詳細画面のテスト 表示内容の確認 投稿の削除リンクが表示されない
       [31mFailure/Error: let!(:book) { create(:book, user: user) }[0m
       [31m[0m
       [31mNoMethodError:[0m
       [31m  undefined method `body=' for #<Book id: nil, title: "tncgp", opinion: nil, user_id: nil, created_at: nil, updated_at: nil>[0m
       [36m# ./spec/system/03_finishing_touches_spec.rb:6:in `block (2 levels) in <main>'[0m

  117) [STEP3] 仕上げのテスト 他人の画面のテスト 他人の投稿詳細画面のテスト サイドバーの確認 他人の名前と紹介文が表示される
       [31mFailure/Error: let!(:book) { create(:book, user: user) }[0m
       [31m[0m
       [31mNoMethodError:[0m
       [31m  undefined method `body=' for #<Book id: nil, title: "op4e7", opinion: nil, user_id: nil, created_at: nil, updated_at: nil>[0m
       [36m# ./spec/system/03_finishing_touches_spec.rb:6:in `block (2 levels) in <main>'[0m

  118) [STEP3] 仕上げのテスト 他人の画面のテスト 他人の投稿詳細画面のテスト サイドバーの確認 他人のユーザ編集画面へのリンクが存在する
       [31mFailure/Error: let!(:book) { create(:book, user: user) }[0m
       [31m[0m
       [31mNoMethodError:[0m
       [31m  undefined method `body=' for #<Book id: nil, title: "vxrz6", opinion: nil, user_id: nil, created_at: nil, updated_at: nil>[0m
       [36m# ./spec/system/03_finishing_touches_spec.rb:6:in `block (2 levels) in <main>'[0m

  119) [STEP3] 仕上げのテスト 他人の画面のテスト 他人の投稿詳細画面のテスト サイドバーの確認 自分の名前と紹介文は表示されない
       [31mFailure/Error: let!(:book) { create(:book, user: user) }[0m
       [31m[0m
       [31mNoMethodError:[0m
       [31m  undefined method `body=' for #<Book id: nil, title: "4xciu", opinion: nil, user_id: nil, created_at: nil, updated_at: nil>[0m
       [36m# ./spec/system/03_finishing_touches_spec.rb:6:in `block (2 levels) in <main>'[0m

  120) [STEP3] 仕上げのテスト 他人の画面のテスト 他人の投稿詳細画面のテスト サイドバーの確認 自分のユーザ編集画面へのリンクは存在しない
       [31mFailure/Error: let!(:book) { create(:book, user: user) }[0m
       [31m[0m
       [31mNoMethodError:[0m
       [31m  undefined method `body=' for #<Book id: nil, title: "g40c8", opinion: nil, user_id: nil, created_at: nil, updated_at: nil>[0m
       [36m# ./spec/system/03_finishing_touches_spec.rb:6:in `block (2 levels) in <main>'[0m

  121) [STEP3] 仕上げのテスト 他人の画面のテスト 他人の投稿編集画面 遷移できず、投稿一覧画面にリダイレクトされる
       [31mFailure/Error: let!(:book) { create(:book, user: user) }[0m
       [31m[0m
       [31mNoMethodError:[0m
       [31m  undefined method `body=' for #<Book id: nil, title: "g0xfs", opinion: nil, user_id: nil, created_at: nil, updated_at: nil>[0m
       [36m# ./spec/system/03_finishing_touches_spec.rb:6:in `block (2 levels) in <main>'[0m

  122) [STEP3] 仕上げのテスト 他人の画面のテスト 他人のユーザ詳細画面のテスト 表示の確認 URLが正しい
       [31mFailure/Error: let!(:book) { create(:book, user: user) }[0m
       [31m[0m
       [31mNoMethodError:[0m
       [31m  undefined method `body=' for #<Book id: nil, title: "sbehb", opinion: nil, user_id: nil, created_at: nil, updated_at: nil>[0m
       [36m# ./spec/system/03_finishing_touches_spec.rb:6:in `block (2 levels) in <main>'[0m

  123) [STEP3] 仕上げのテスト 他人の画面のテスト 他人のユーザ詳細画面のテスト 表示の確認 投稿一覧のユーザ画像のリンク先が正しい
       [31mFailure/Error: let!(:book) { create(:book, user: user) }[0m
       [31m[0m
       [31mNoMethodError:[0m
       [31m  undefined method `body=' for #<Book id: nil, title: "43rai", opinion: nil, user_id: nil, created_at: nil, updated_at: nil>[0m
       [36m# ./spec/system/03_finishing_touches_spec.rb:6:in `block (2 levels) in <main>'[0m

  124) [STEP3] 仕上げのテスト 他人の画面のテスト 他人のユーザ詳細画面のテスト 表示の確認 投稿一覧に他人の投稿のtitleが表示され、リンクが正しい
       [31mFailure/Error: let!(:book) { create(:book, user: user) }[0m
       [31m[0m
       [31mNoMethodError:[0m
       [31m  undefined method `body=' for #<Book id: nil, title: "8bhy8", opinion: nil, user_id: nil, created_at: nil, updated_at: nil>[0m
       [36m# ./spec/system/03_finishing_touches_spec.rb:6:in `block (2 levels) in <main>'[0m

  125) [STEP3] 仕上げのテスト 他人の画面のテスト 他人のユーザ詳細画面のテスト 表示の確認 投稿一覧に他人の投稿のopinionが表示される
       [31mFailure/Error: let!(:book) { create(:book, user: user) }[0m
       [31m[0m
       [31mNoMethodError:[0m
       [31m  undefined method `body=' for #<Book id: nil, title: "2wodi", opinion: nil, user_id: nil, created_at: nil, updated_at: nil>[0m
       [36m# ./spec/system/03_finishing_touches_spec.rb:6:in `block (2 levels) in <main>'[0m

  126) [STEP3] 仕上げのテスト 他人の画面のテスト 他人のユーザ詳細画面のテスト 表示の確認 自分の投稿は表示されない
       [31mFailure/Error: let!(:book) { create(:book, user: user) }[0m
       [31m[0m
       [31mNoMethodError:[0m
       [31m  undefined method `body=' for #<Book id: nil, title: "71duf", opinion: nil, user_id: nil, created_at: nil, updated_at: nil>[0m
       [36m# ./spec/system/03_finishing_touches_spec.rb:6:in `block (2 levels) in <main>'[0m

  127) [STEP3] 仕上げのテスト 他人の画面のテスト 他人のユーザ詳細画面のテスト サイドバーの確認 他人の名前と紹介文が表示される
       [31mFailure/Error: let!(:book) { create(:book, user: user) }[0m
       [31m[0m
       [31mNoMethodError:[0m
       [31m  undefined method `body=' for #<Book id: nil, title: "xagh2", opinion: nil, user_id: nil, created_at: nil, updated_at: nil>[0m
       [36m# ./spec/system/03_finishing_touches_spec.rb:6:in `block (2 levels) in <main>'[0m

  128) [STEP3] 仕上げのテスト 他人の画面のテスト 他人のユーザ詳細画面のテスト サイドバーの確認 他人のユーザ編集画面へのリンクが存在する
       [31mFailure/Error: let!(:book) { create(:book, user: user) }[0m
       [31m[0m
       [31mNoMethodError:[0m
       [31m  undefined method `body=' for #<Book id: nil, title: "j6m9r", opinion: nil, user_id: nil, created_at: nil, updated_at: nil>[0m
       [36m# ./spec/system/03_finishing_touches_spec.rb:6:in `block (2 levels) in <main>'[0m

  129) [STEP3] 仕上げのテスト 他人の画面のテスト 他人のユーザ詳細画面のテスト サイドバーの確認 自分の名前と紹介文は表示されない
       [31mFailure/Error: let!(:book) { create(:book, user: user) }[0m
       [31m[0m
       [31mNoMethodError:[0m
       [31m  undefined method `body=' for #<Book id: nil, title: "lgpmn", opinion: nil, user_id: nil, created_at: nil, updated_at: nil>[0m
       [36m# ./spec/system/03_finishing_touches_spec.rb:6:in `block (2 levels) in <main>'[0m

  130) [STEP3] 仕上げのテスト 他人の画面のテスト 他人のユーザ詳細画面のテスト サイドバーの確認 自分のユーザ編集画面へのリンクは存在しない
       [31mFailure/Error: let!(:book) { create(:book, user: user) }[0m
       [31m[0m
       [31mNoMethodError:[0m
       [31m  undefined method `body=' for #<Book id: nil, title: "knh3u", opinion: nil, user_id: nil, created_at: nil, updated_at: nil>[0m
       [36m# ./spec/system/03_finishing_touches_spec.rb:6:in `block (2 levels) in <main>'[0m

  131) [STEP3] 仕上げのテスト 他人の画面のテスト 他人のユーザ情報編集画面 遷移できず、自分のユーザ詳細画面にリダイレクトされる
       [31mFailure/Error: let!(:book) { create(:book, user: user) }[0m
       [31m[0m
       [31mNoMethodError:[0m
       [31m  undefined method `body=' for #<Book id: nil, title: "4od9f", opinion: nil, user_id: nil, created_at: nil, updated_at: nil>[0m
       [36m# ./spec/system/03_finishing_touches_spec.rb:6:in `block (2 levels) in <main>'[0m

  132) [STEP3] 仕上げのテスト グリッドシステムのテスト: container, row, col-md-〇を正しく使えている ユーザ一覧画面
       [31mFailure/Error: let!(:book) { create(:book, user: user) }[0m
       [31m[0m
       [31mNoMethodError:[0m
       [31m  undefined method `body=' for #<Book id: nil, title: "ig62c", opinion: nil, user_id: nil, created_at: nil, updated_at: nil>[0m
       [36m# ./spec/system/03_finishing_touches_spec.rb:6:in `block (2 levels) in <main>'[0m

  133) [STEP3] 仕上げのテスト グリッドシステムのテスト: container, row, col-md-〇を正しく使えている ユーザ詳細画面
       [31mFailure/Error: let!(:book) { create(:book, user: user) }[0m
       [31m[0m
       [31mNoMethodError:[0m
       [31m  undefined method `body=' for #<Book id: nil, title: "5r0j4", opinion: nil, user_id: nil, created_at: nil, updated_at: nil>[0m
       [36m# ./spec/system/03_finishing_touches_spec.rb:6:in `block (2 levels) in <main>'[0m

  134) [STEP3] 仕上げのテスト グリッドシステムのテスト: container, row, col-md-〇を正しく使えている 投稿一覧画面
       [31mFailure/Error: let!(:book) { create(:book, user: user) }[0m
       [31m[0m
       [31mNoMethodError:[0m
       [31m  undefined method `body=' for #<Book id: nil, title: "9pioh", opinion: nil, user_id: nil, created_at: nil, updated_at: nil>[0m
       [36m# ./spec/system/03_finishing_touches_spec.rb:6:in `block (2 levels) in <main>'[0m

  135) [STEP3] 仕上げのテスト グリッドシステムのテスト: container, row, col-md-〇を正しく使えている 投稿詳細画面
       [31mFailure/Error: let!(:book) { create(:book, user: user) }[0m
       [31m[0m
       [31mNoMethodError:[0m
       [31m  undefined method `body=' for #<Book id: nil, title: "rui7s", opinion: nil, user_id: nil, created_at: nil, updated_at: nil>[0m
       [36m# ./spec/system/03_finishing_touches_spec.rb:6:in `block (2 levels) in <main>'[0m

  136) [STEP3] 仕上げのテスト アイコンのテスト トップ画面 本のアイコンが表示される
       [31mFailure/Error: let!(:book) { create(:book, user: user) }[0m
       [31m[0m
       [31mNoMethodError:[0m
       [31m  undefined method `body=' for #<Book id: nil, title: "9n4zn", opinion: nil, user_id: nil, created_at: nil, updated_at: nil>[0m
       [36m# ./spec/system/03_finishing_touches_spec.rb:6:in `block (2 levels) in <main>'[0m

  137) [STEP3] 仕上げのテスト アイコンのテスト アバウト画面 本のアイコンが表示される
       [31mFailure/Error: let!(:book) { create(:book, user: user) }[0m
       [31m[0m
       [31mNoMethodError:[0m
       [31m  undefined method `body=' for #<Book id: nil, title: "05or7", opinion: nil, user_id: nil, created_at: nil, updated_at: nil>[0m
       [36m# ./spec/system/03_finishing_touches_spec.rb:6:in `block (2 levels) in <main>'[0m

  138) [STEP3] 仕上げのテスト アイコンのテスト ヘッダー: ログインしていない場合 Homeリンクのアイコンが表示される
       [31mFailure/Error: let!(:book) { create(:book, user: user) }[0m
       [31m[0m
       [31mNoMethodError:[0m
       [31m  undefined method `body=' for #<Book id: nil, title: "rvyhj", opinion: nil, user_id: nil, created_at: nil, updated_at: nil>[0m
       [36m# ./spec/system/03_finishing_touches_spec.rb:6:in `block (2 levels) in <main>'[0m

  139) [STEP3] 仕上げのテスト アイコンのテスト ヘッダー: ログインしていない場合 Aboutリンクのアイコンが表示される
       [31mFailure/Error: let!(:book) { create(:book, user: user) }[0m
       [31m[0m
       [31mNoMethodError:[0m
       [31m  undefined method `body=' for #<Book id: nil, title: "hk687", opinion: nil, user_id: nil, created_at: nil, updated_at: nil>[0m
       [36m# ./spec/system/03_finishing_touches_spec.rb:6:in `block (2 levels) in <main>'[0m

  140) [STEP3] 仕上げのテスト アイコンのテスト ヘッダー: ログインしていない場合 Sign upリンクのアイコンが表示される
       [31mFailure/Error: let!(:book) { create(:book, user: user) }[0m
       [31m[0m
       [31mNoMethodError:[0m
       [31m  undefined method `body=' for #<Book id: nil, title: "523f6", opinion: nil, user_id: nil, created_at: nil, updated_at: nil>[0m
       [36m# ./spec/system/03_finishing_touches_spec.rb:6:in `block (2 levels) in <main>'[0m

  141) [STEP3] 仕上げのテスト アイコンのテスト ヘッダー: ログインしていない場合 Log inリンクのアイコンが表示される
       [31mFailure/Error: let!(:book) { create(:book, user: user) }[0m
       [31m[0m
       [31mNoMethodError:[0m
       [31m  undefined method `body=' for #<Book id: nil, title: "35crv", opinion: nil, user_id: nil, created_at: nil, updated_at: nil>[0m
       [36m# ./spec/system/03_finishing_touches_spec.rb:6:in `block (2 levels) in <main>'[0m

  142) [STEP3] 仕上げのテスト アイコンのテスト ヘッダー: ログインしている場合 Homeリンクのアイコンが表示される
       [31mFailure/Error: let!(:book) { create(:book, user: user) }[0m
       [31m[0m
       [31mNoMethodError:[0m
       [31m  undefined method `body=' for #<Book id: nil, title: "ho6ly", opinion: nil, user_id: nil, created_at: nil, updated_at: nil>[0m
       [36m# ./spec/system/03_finishing_touches_spec.rb:6:in `block (2 levels) in <main>'[0m

  143) [STEP3] 仕上げのテスト アイコンのテスト ヘッダー: ログインしている場合 Usersリンクのアイコンが表示される
       [31mFailure/Error: let!(:book) { create(:book, user: user) }[0m
       [31m[0m
       [31mNoMethodError:[0m
       [31m  undefined method `body=' for #<Book id: nil, title: "khm4e", opinion: nil, user_id: nil, created_at: nil, updated_at: nil>[0m
       [36m# ./spec/system/03_finishing_touches_spec.rb:6:in `block (2 levels) in <main>'[0m

  144) [STEP3] 仕上げのテスト アイコンのテスト ヘッダー: ログインしている場合 Booksリンクのアイコンが表示される
       [31mFailure/Error: let!(:book) { create(:book, user: user) }[0m
       [31m[0m
       [31mNoMethodError:[0m
       [31m  undefined method `body=' for #<Book id: nil, title: "wzzfo", opinion: nil, user_id: nil, created_at: nil, updated_at: nil>[0m
       [36m# ./spec/system/03_finishing_touches_spec.rb:6:in `block (2 levels) in <main>'[0m

  145) [STEP3] 仕上げのテスト アイコンのテスト ヘッダー: ログインしている場合 Log outリンクのアイコンが表示される
       [31mFailure/Error: let!(:book) { create(:book, user: user) }[0m
       [31m[0m
       [31mNoMethodError:[0m
       [31m  undefined method `body=' for #<Book id: nil, title: "xxzok", opinion: nil, user_id: nil, created_at: nil, updated_at: nil>[0m
       [36m# ./spec/system/03_finishing_touches_spec.rb:6:in `block (2 levels) in <main>'[0m

  146) [STEP3] 仕上げのテスト アイコンのテスト サイドバー ユーザ一覧画面でレンチアイコンが表示される
       [31mFailure/Error: let!(:book) { create(:book, user: user) }[0m
       [31m[0m
       [31mNoMethodError:[0m
       [31m  undefined method `body=' for #<Book id: nil, title: "hoy8i", opinion: nil, user_id: nil, created_at: nil, updated_at: nil>[0m
       [36m# ./spec/system/03_finishing_touches_spec.rb:6:in `block (2 levels) in <main>'[0m

  147) [STEP3] 仕上げのテスト アイコンのテスト サイドバー ユーザ詳細画面でレンチアイコンが表示される
       [31mFailure/Error: let!(:book) { create(:book, user: user) }[0m
       [31m[0m
       [31mNoMethodError:[0m
       [31m  undefined method `body=' for #<Book id: nil, title: "345zn", opinion: nil, user_id: nil, created_at: nil, updated_at: nil>[0m
       [36m# ./spec/system/03_finishing_touches_spec.rb:6:in `block (2 levels) in <main>'[0m

  148) [STEP3] 仕上げのテスト アイコンのテスト サイドバー 投稿一覧画面でレンチアイコンが表示される
       [31mFailure/Error: let!(:book) { create(:book, user: user) }[0m
       [31m[0m
       [31mNoMethodError:[0m
       [31m  undefined method `body=' for #<Book id: nil, title: "ztyjo", opinion: nil, user_id: nil, created_at: nil, updated_at: nil>[0m
       [36m# ./spec/system/03_finishing_touches_spec.rb:6:in `block (2 levels) in <main>'[0m

  149) [STEP3] 仕上げのテスト アイコンのテスト サイドバー 投稿詳細画面でレンチアイコンが表示される
       [31mFailure/Error: let!(:book) { create(:book, user: user) }[0m
       [31m[0m
       [31mNoMethodError:[0m
       [31m  undefined method `body=' for #<Book id: nil, title: "tzzzq", opinion: nil, user_id: nil, created_at: nil, updated_at: nil>[0m
       [36m# ./spec/system/03_finishing_touches_spec.rb:6:in `block (2 levels) in <main>'[0m

Finished in 8.13 seconds (files took 1.37 seconds to load)
[31m201 examples, 149 failures[0m

Failed examples:

[31mrspec ./spec/models/book_spec.rb:11[0m [36m# Bookモデルのテスト バリデーションのテスト titleカラム 空欄でないこと[0m
[31mrspec ./spec/models/book_spec.rb:18[0m [36m# Bookモデルのテスト バリデーションのテスト bodyカラム 空欄でないこと[0m
[31mrspec ./spec/models/book_spec.rb:22[0m [36m# Bookモデルのテスト バリデーションのテスト bodyカラム 200文字以下であること: 200文字は〇[0m
[31mrspec ./spec/models/book_spec.rb:26[0m [36m# Bookモデルのテスト バリデーションのテスト bodyカラム 200文字以下であること: 201文字は×[0m
[31mrspec ./spec/system/02_after_login_spec.rb:20[0m [36m# [STEP2] ユーザログイン後のテスト ヘッダーのテスト: ログインしている場合 リンクの内容を確認: ※logoutは『ユーザログアウトのテスト』でテスト済みになります。 Homeを押すと、自分のユーザ詳細画面に遷移する[0m
[31mrspec ./spec/system/02_after_login_spec.rb:26[0m [36m# [STEP2] ユーザログイン後のテスト ヘッダーのテスト: ログインしている場合 リンクの内容を確認: ※logoutは『ユーザログアウトのテスト』でテスト済みになります。 Usersを押すと、ユーザ一覧画面に遷移する[0m
[31mrspec ./spec/system/02_after_login_spec.rb:32[0m [36m# [STEP2] ユーザログイン後のテスト ヘッダーのテスト: ログインしている場合 リンクの内容を確認: ※logoutは『ユーザログアウトのテスト』でテスト済みになります。 Booksを押すと、投稿一覧画面に遷移する[0m
[31mrspec ./spec/system/02_after_login_spec.rb:47[0m [36m# [STEP2] ユーザログイン後のテスト 投稿一覧画面のテスト 表示内容の確認 URLが正しい[0m
[31mrspec ./spec/system/02_after_login_spec.rb:50[0m [36m# [STEP2] ユーザログイン後のテスト 投稿一覧画面のテスト 表示内容の確認 自分と他人の画像のリンク先が正しい[0m
[31mrspec ./spec/system/02_after_login_spec.rb:54[0m [36m# [STEP2] ユーザログイン後のテスト 投稿一覧画面のテスト 表示内容の確認 自分の投稿と他人の投稿のタイトルのリンク先がそれぞれ正しい[0m
[31mrspec ./spec/system/02_after_login_spec.rb:58[0m [36m# [STEP2] ユーザログイン後のテスト 投稿一覧画面のテスト 表示内容の確認 自分の投稿と他人の投稿のオピニオンが表示される[0m
[31mrspec ./spec/system/02_after_login_spec.rb:65[0m [36m# [STEP2] ユーザログイン後のテスト 投稿一覧画面のテスト サイドバーの確認 自分の名前と紹介文が表示される[0m
[31mrspec ./spec/system/02_after_login_spec.rb:69[0m [36m# [STEP2] ユーザログイン後のテスト 投稿一覧画面のテスト サイドバーの確認 自分のユーザ編集画面へのリンクが存在する[0m
[31mrspec ./spec/system/02_after_login_spec.rb:72[0m [36m# [STEP2] ユーザログイン後のテスト 投稿一覧画面のテスト サイドバーの確認 「New book」と表示される[0m
[31mrspec ./spec/system/02_after_login_spec.rb:75[0m [36m# [STEP2] ユーザログイン後のテスト 投稿一覧画面のテスト サイドバーの確認 titleフォームが表示される[0m
[31mrspec ./spec/system/02_after_login_spec.rb:78[0m [36m# [STEP2] ユーザログイン後のテスト 投稿一覧画面のテスト サイドバーの確認 titleフォームに値が入っていない[0m
[31mrspec ./spec/system/02_after_login_spec.rb:81[0m [36m# [STEP2] ユーザログイン後のテスト 投稿一覧画面のテスト サイドバーの確認 bodyフォームが表示される[0m
[31mrspec ./spec/system/02_after_login_spec.rb:84[0m [36m# [STEP2] ユーザログイン後のテスト 投稿一覧画面のテスト サイドバーの確認 bodyフォームに値が入っていない[0m
[31mrspec ./spec/system/02_after_login_spec.rb:87[0m [36m# [STEP2] ユーザログイン後のテスト 投稿一覧画面のテスト サイドバーの確認 Create Bookボタンが表示される[0m
[31mrspec ./spec/system/02_after_login_spec.rb:98[0m [36m# [STEP2] ユーザログイン後のテスト 投稿一覧画面のテスト 投稿成功のテスト 自分の新しい投稿が正しく保存される[0m
[31mrspec ./spec/system/02_after_login_spec.rb:101[0m [36m# [STEP2] ユーザログイン後のテスト 投稿一覧画面のテスト 投稿成功のテスト リダイレクト先が、保存できた投稿の詳細画面になっている[0m
[31mrspec ./spec/system/02_after_login_spec.rb:114[0m [36m# [STEP2] ユーザログイン後のテスト 自分の投稿詳細画面のテスト 表示内容の確認 URLが正しい[0m
[31mrspec ./spec/system/02_after_login_spec.rb:117[0m [36m# [STEP2] ユーザログイン後のテスト 自分の投稿詳細画面のテスト 表示内容の確認 「Book detail」と表示される[0m
[31mrspec ./spec/system/02_after_login_spec.rb:120[0m [36m# [STEP2] ユーザログイン後のテスト 自分の投稿詳細画面のテスト 表示内容の確認 ユーザ画像・名前のリンク先が正しい[0m
[31mrspec ./spec/system/02_after_login_spec.rb:123[0m [36m# [STEP2] ユーザログイン後のテスト 自分の投稿詳細画面のテスト 表示内容の確認 投稿のtitleが表示される[0m
[31mrspec ./spec/system/02_after_login_spec.rb:126[0m [36m# [STEP2] ユーザログイン後のテスト 自分の投稿詳細画面のテスト 表示内容の確認 投稿のbodyが表示される[0m
[31mrspec ./spec/system/02_after_login_spec.rb:129[0m [36m# [STEP2] ユーザログイン後のテスト 自分の投稿詳細画面のテスト 表示内容の確認 投稿の編集リンクが表示される[0m
[31mrspec ./spec/system/02_after_login_spec.rb:132[0m [36m# [STEP2] ユーザログイン後のテスト 自分の投稿詳細画面のテスト 表示内容の確認 投稿の削除リンクが表示される[0m
[31mrspec ./spec/system/02_after_login_spec.rb:138[0m [36m# [STEP2] ユーザログイン後のテスト 自分の投稿詳細画面のテスト サイドバーの確認 自分の名前と紹介文が表示される[0m
[31mrspec ./spec/system/02_after_login_spec.rb:142[0m [36m# [STEP2] ユーザログイン後のテスト 自分の投稿詳細画面のテスト サイドバーの確認 自分のユーザ編集画面へのリンクが存在する[0m
[31mrspec ./spec/system/02_after_login_spec.rb:145[0m [36m# [STEP2] ユーザログイン後のテスト 自分の投稿詳細画面のテスト サイドバーの確認 「New book」と表示される[0m
[31mrspec ./spec/system/02_after_login_spec.rb:148[0m [36m# [STEP2] ユーザログイン後のテスト 自分の投稿詳細画面のテスト サイドバーの確認 titleフォームが表示される[0m
[31mrspec ./spec/system/02_after_login_spec.rb:151[0m [36m# [STEP2] ユーザログイン後のテスト 自分の投稿詳細画面のテスト サイドバーの確認 titleフォームに値が入っていない[0m
[31mrspec ./spec/system/02_after_login_spec.rb:154[0m [36m# [STEP2] ユーザログイン後のテスト 自分の投稿詳細画面のテスト サイドバーの確認 bodyフォームが表示される[0m
[31mrspec ./spec/system/02_after_login_spec.rb:157[0m [36m# [STEP2] ユーザログイン後のテスト 自分の投稿詳細画面のテスト サイドバーの確認 bodyフォームに値が入っていない[0m
[31mrspec ./spec/system/02_after_login_spec.rb:160[0m [36m# [STEP2] ユーザログイン後のテスト 自分の投稿詳細画面のテスト サイドバーの確認 Create Bookボタンが表示される[0m
[31mrspec ./spec/system/02_after_login_spec.rb:171[0m [36m# [STEP2] ユーザログイン後のテスト 自分の投稿詳細画面のテスト 投稿成功のテスト 自分の新しい投稿が正しく保存される[0m
[31mrspec ./spec/system/02_after_login_spec.rb:180[0m [36m# [STEP2] ユーザログイン後のテスト 自分の投稿詳細画面のテスト 編集リンクのテスト 編集画面に遷移する[0m
[31mrspec ./spec/system/02_after_login_spec.rb:189[0m [36m# [STEP2] ユーザログイン後のテスト 自分の投稿詳細画面のテスト 削除リンクのテスト application.html.erbにjavascript_pack_tagを含んでいる[0m
[31mrspec ./spec/system/02_after_login_spec.rb:203[0m [36m# [STEP2] ユーザログイン後のテスト 自分の投稿詳細画面のテスト 削除リンクのテスト 正しく削除される[0m
[31mrspec ./spec/system/02_after_login_spec.rb:206[0m [36m# [STEP2] ユーザログイン後のテスト 自分の投稿詳細画面のテスト 削除リンクのテスト リダイレクト先が、投稿一覧画面になっている[0m
[31mrspec ./spec/system/02_after_login_spec.rb:218[0m [36m# [STEP2] ユーザログイン後のテスト 自分の投稿編集画面のテスト 表示の確認 URLが正しい[0m
[31mrspec ./spec/system/02_after_login_spec.rb:221[0m [36m# [STEP2] ユーザログイン後のテスト 自分の投稿編集画面のテスト 表示の確認 「Editing Book」と表示される[0m
[31mrspec ./spec/system/02_after_login_spec.rb:224[0m [36m# [STEP2] ユーザログイン後のテスト 自分の投稿編集画面のテスト 表示の確認 title編集フォームが表示される[0m
[31mrspec ./spec/system/02_after_login_spec.rb:227[0m [36m# [STEP2] ユーザログイン後のテスト 自分の投稿編集画面のテスト 表示の確認 body編集フォームが表示される[0m
[31mrspec ./spec/system/02_after_login_spec.rb:230[0m [36m# [STEP2] ユーザログイン後のテスト 自分の投稿編集画面のテスト 表示の確認 Update Bookボタンが表示される[0m
[31mrspec ./spec/system/02_after_login_spec.rb:233[0m [36m# [STEP2] ユーザログイン後のテスト 自分の投稿編集画面のテスト 表示の確認 Showリンクが表示される[0m
[31mrspec ./spec/system/02_after_login_spec.rb:236[0m [36m# [STEP2] ユーザログイン後のテスト 自分の投稿編集画面のテスト 表示の確認 Backリンクが表示される[0m
[31mrspec ./spec/system/02_after_login_spec.rb:250[0m [36m# [STEP2] ユーザログイン後のテスト 自分の投稿編集画面のテスト 編集成功のテスト titleが正しく更新される[0m
[31mrspec ./spec/system/02_after_login_spec.rb:253[0m [36m# [STEP2] ユーザログイン後のテスト 自分の投稿編集画面のテスト 編集成功のテスト bodyが正しく更新される[0m
[31mrspec ./spec/system/02_after_login_spec.rb:256[0m [36m# [STEP2] ユーザログイン後のテスト 自分の投稿編集画面のテスト 編集成功のテスト リダイレクト先が、更新した投稿の詳細画面になっている[0m
[31mrspec ./spec/system/02_after_login_spec.rb:269[0m [36m# [STEP2] ユーザログイン後のテスト ユーザ一覧画面のテスト 表示内容の確認 URLが正しい[0m
[31mrspec ./spec/system/02_after_login_spec.rb:272[0m [36m# [STEP2] ユーザログイン後のテスト ユーザ一覧画面のテスト 表示内容の確認 自分と他人の画像が表示される: fallbackの画像がサイドバーの1つ＋一覧(2人)の2つの計3つ存在する[0m
[31mrspec ./spec/system/02_after_login_spec.rb:275[0m [36m# [STEP2] ユーザログイン後のテスト ユーザ一覧画面のテスト 表示内容の確認 自分と他人の名前がそれぞれ表示される[0m
[31mrspec ./spec/system/02_after_login_spec.rb:279[0m [36m# [STEP2] ユーザログイン後のテスト ユーザ一覧画面のテスト 表示内容の確認 自分と他人のshowリンクがそれぞれ表示される[0m
[31mrspec ./spec/system/02_after_login_spec.rb:286[0m [36m# [STEP2] ユーザログイン後のテスト ユーザ一覧画面のテスト サイドバーの確認 自分の名前と紹介文が表示される[0m
[31mrspec ./spec/system/02_after_login_spec.rb:290[0m [36m# [STEP2] ユーザログイン後のテスト ユーザ一覧画面のテスト サイドバーの確認 自分のユーザ編集画面へのリンクが存在する[0m
[31mrspec ./spec/system/02_after_login_spec.rb:293[0m [36m# [STEP2] ユーザログイン後のテスト ユーザ一覧画面のテスト サイドバーの確認 「New book」と表示される[0m
[31mrspec ./spec/system/02_after_login_spec.rb:296[0m [36m# [STEP2] ユーザログイン後のテスト ユーザ一覧画面のテスト サイドバーの確認 titleフォームが表示される[0m
[31mrspec ./spec/system/02_after_login_spec.rb:299[0m [36m# [STEP2] ユーザログイン後のテスト ユーザ一覧画面のテスト サイドバーの確認 titleフォームに値が入っていない[0m
[31mrspec ./spec/system/02_after_login_spec.rb:302[0m [36m# [STEP2] ユーザログイン後のテスト ユーザ一覧画面のテスト サイドバーの確認 bodyフォームが表示される[0m
[31mrspec ./spec/system/02_after_login_spec.rb:305[0m [36m# [STEP2] ユーザログイン後のテスト ユーザ一覧画面のテスト サイドバーの確認 bodyフォームに値が入っていない[0m
[31mrspec ./spec/system/02_after_login_spec.rb:308[0m [36m# [STEP2] ユーザログイン後のテスト ユーザ一覧画面のテスト サイドバーの確認 Create Bookボタンが表示される[0m
[31mrspec ./spec/system/02_after_login_spec.rb:320[0m [36m# [STEP2] ユーザログイン後のテスト 自分のユーザ詳細画面のテスト 表示の確認 URLが正しい[0m
[31mrspec ./spec/system/02_after_login_spec.rb:323[0m [36m# [STEP2] ユーザログイン後のテスト 自分のユーザ詳細画面のテスト 表示の確認 投稿一覧のユーザ画像のリンク先が正しい[0m
[31mrspec ./spec/system/02_after_login_spec.rb:326[0m [36m# [STEP2] ユーザログイン後のテスト 自分のユーザ詳細画面のテスト 表示の確認 投稿一覧に自分の投稿のtitleが表示され、リンクが正しい[0m
[31mrspec ./spec/system/02_after_login_spec.rb:329[0m [36m# [STEP2] ユーザログイン後のテスト 自分のユーザ詳細画面のテスト 表示の確認 投稿一覧に自分の投稿のbodyが表示される[0m
[31mrspec ./spec/system/02_after_login_spec.rb:332[0m [36m# [STEP2] ユーザログイン後のテスト 自分のユーザ詳細画面のテスト 表示の確認 他人の投稿は表示されない[0m
[31mrspec ./spec/system/02_after_login_spec.rb:340[0m [36m# [STEP2] ユーザログイン後のテスト 自分のユーザ詳細画面のテスト サイドバーの確認 自分の名前と紹介文が表示される[0m
[31mrspec ./spec/system/02_after_login_spec.rb:344[0m [36m# [STEP2] ユーザログイン後のテスト 自分のユーザ詳細画面のテスト サイドバーの確認 自分のユーザ編集画面へのリンクが存在する[0m
[31mrspec ./spec/system/02_after_login_spec.rb:347[0m [36m# [STEP2] ユーザログイン後のテスト 自分のユーザ詳細画面のテスト サイドバーの確認 「New book」と表示される[0m
[31mrspec ./spec/system/02_after_login_spec.rb:350[0m [36m# [STEP2] ユーザログイン後のテスト 自分のユーザ詳細画面のテスト サイドバーの確認 titleフォームが表示される[0m
[31mrspec ./spec/system/02_after_login_spec.rb:353[0m [36m# [STEP2] ユーザログイン後のテスト 自分のユーザ詳細画面のテスト サイドバーの確認 titleフォームに値が入っていない[0m
[31mrspec ./spec/system/02_after_login_spec.rb:356[0m [36m# [STEP2] ユーザログイン後のテスト 自分のユーザ詳細画面のテスト サイドバーの確認 bodyフォームが表示される[0m
[31mrspec ./spec/system/02_after_login_spec.rb:359[0m [36m# [STEP2] ユーザログイン後のテスト 自分のユーザ詳細画面のテスト サイドバーの確認 bodyフォームに値が入っていない[0m
[31mrspec ./spec/system/02_after_login_spec.rb:362[0m [36m# [STEP2] ユーザログイン後のテスト 自分のユーザ詳細画面のテスト サイドバーの確認 Create Bookボタンが表示される[0m
[31mrspec ./spec/system/02_after_login_spec.rb:374[0m [36m# [STEP2] ユーザログイン後のテスト 自分のユーザ情報編集画面のテスト 表示の確認 URLが正しい[0m
[31mrspec ./spec/system/02_after_login_spec.rb:377[0m [36m# [STEP2] ユーザログイン後のテスト 自分のユーザ情報編集画面のテスト 表示の確認 名前編集フォームに自分の名前が表示される[0m
[31mrspec ./spec/system/02_after_login_spec.rb:380[0m [36m# [STEP2] ユーザログイン後のテスト 自分のユーザ情報編集画面のテスト 表示の確認 画像編集フォームが表示される[0m
[31mrspec ./spec/system/02_after_login_spec.rb:383[0m [36m# [STEP2] ユーザログイン後のテスト 自分のユーザ情報編集画面のテスト 表示の確認 自己紹介編集フォームに自分の自己紹介文が表示される[0m
[31mrspec ./spec/system/02_after_login_spec.rb:386[0m [36m# [STEP2] ユーザログイン後のテスト 自分のユーザ情報編集画面のテスト 表示の確認 Update Userボタンが表示される[0m
[31mrspec ./spec/system/02_after_login_spec.rb:402[0m [36m# [STEP2] ユーザログイン後のテスト 自分のユーザ情報編集画面のテスト 更新成功のテスト nameが正しく更新される[0m
[31mrspec ./spec/system/02_after_login_spec.rb:405[0m [36m# [STEP2] ユーザログイン後のテスト 自分のユーザ情報編集画面のテスト 更新成功のテスト introductionが正しく更新される[0m
[31mrspec ./spec/system/02_after_login_spec.rb:408[0m [36m# [STEP2] ユーザログイン後のテスト 自分のユーザ情報編集画面のテスト 更新成功のテスト リダイレクト先が、自分のユーザ詳細画面になっている[0m
[31mrspec ./spec/system/03_finishing_touches_spec.rb:12[0m [36m# [STEP3] 仕上げのテスト サクセスメッセージのテスト ユーザ新規登録成功時[0m
[31mrspec ./spec/system/03_finishing_touches_spec.rb:21[0m [36m# [STEP3] 仕上げのテスト サクセスメッセージのテスト ユーザログイン成功時[0m
[31mrspec ./spec/system/03_finishing_touches_spec.rb:28[0m [36m# [STEP3] 仕上げのテスト サクセスメッセージのテスト ユーザログアウト成功時[0m
[31mrspec ./spec/system/03_finishing_touches_spec.rb:38[0m [36m# [STEP3] 仕上げのテスト サクセスメッセージのテスト ユーザのプロフィール情報更新成功時[0m
[31mrspec ./spec/system/03_finishing_touches_spec.rb:47[0m [36m# [STEP3] 仕上げのテスト サクセスメッセージのテスト 投稿データの新規投稿成功時: 投稿一覧画面から行います。[0m
[31mrspec ./spec/system/03_finishing_touches_spec.rb:58[0m [36m# [STEP3] 仕上げのテスト サクセスメッセージのテスト 投稿データの更新成功時[0m
[31mrspec ./spec/system/03_finishing_touches_spec.rb:81[0m [36m# [STEP3] 仕上げのテスト 処理失敗時のテスト ユーザ新規登録失敗: nameを1文字にする 新規登録されない[0m
[31mrspec ./spec/system/03_finishing_touches_spec.rb:84[0m [36m# [STEP3] 仕上げのテスト 処理失敗時のテスト ユーザ新規登録失敗: nameを1文字にする 新規登録画面を表示しており、フォームの内容が正しい[0m
[31mrspec ./spec/system/03_finishing_touches_spec.rb:90[0m [36m# [STEP3] 仕上げのテスト 処理失敗時のテスト ユーザ新規登録失敗: nameを1文字にする バリデーションエラーが表示される[0m
[31mrspec ./spec/system/03_finishing_touches_spec.rb:109[0m [36m# [STEP3] 仕上げのテスト 処理失敗時のテスト ユーザのプロフィール情報編集失敗: nameを1文字にする 更新されない[0m
[31mrspec ./spec/system/03_finishing_touches_spec.rb:112[0m [36m# [STEP3] 仕上げのテスト 処理失敗時のテスト ユーザのプロフィール情報編集失敗: nameを1文字にする ユーザ編集画面を表示しており、フォームの内容が正しい[0m
[31mrspec ./spec/system/03_finishing_touches_spec.rb:115[0m [36m# [STEP3] 仕上げのテスト 処理失敗時のテスト ユーザのプロフィール情報編集失敗: nameを1文字にする バリデーションエラーが表示される[0m
[31mrspec ./spec/system/03_finishing_touches_spec.rb:131[0m [36m# [STEP3] 仕上げのテスト 処理失敗時のテスト 投稿データの新規投稿失敗: 投稿一覧画面から行い、titleを空にする 投稿が保存されない[0m
[31mrspec ./spec/system/03_finishing_touches_spec.rb:134[0m [36m# [STEP3] 仕上げのテスト 処理失敗時のテスト 投稿データの新規投稿失敗: 投稿一覧画面から行い、titleを空にする 投稿一覧画面を表示している[0m
[31mrspec ./spec/system/03_finishing_touches_spec.rb:140[0m [36m# [STEP3] 仕上げのテスト 処理失敗時のテスト 投稿データの新規投稿失敗: 投稿一覧画面から行い、titleを空にする 新規投稿フォームの内容が正しい[0m
[31mrspec ./spec/system/03_finishing_touches_spec.rb:144[0m [36m# [STEP3] 仕上げのテスト 処理失敗時のテスト 投稿データの新規投稿失敗: 投稿一覧画面から行い、titleを空にする バリデーションエラーが表示される[0m
[31mrspec ./spec/system/03_finishing_touches_spec.rb:162[0m [36m# [STEP3] 仕上げのテスト 処理失敗時のテスト 投稿データの更新失敗: titleを空にする 投稿が更新されない[0m
[31mrspec ./spec/system/03_finishing_touches_spec.rb:165[0m [36m# [STEP3] 仕上げのテスト 処理失敗時のテスト 投稿データの更新失敗: titleを空にする 投稿編集画面を表示しており、フォームの内容が正しい[0m
[31mrspec ./spec/system/03_finishing_touches_spec.rb:170[0m [36m# [STEP3] 仕上げのテスト 処理失敗時のテスト 投稿データの更新失敗: titleを空にする エラーメッセージが表示される[0m
[31mrspec ./spec/system/03_finishing_touches_spec.rb:179[0m [36m# [STEP3] 仕上げのテスト ログインしていない場合のアクセス制限のテスト: アクセスできず、ログイン画面に遷移する ユーザ一覧画面[0m
[31mrspec ./spec/system/03_finishing_touches_spec.rb:183[0m [36m# [STEP3] 仕上げのテスト ログインしていない場合のアクセス制限のテスト: アクセスできず、ログイン画面に遷移する ユーザ詳細画面[0m
[31mrspec ./spec/system/03_finishing_touches_spec.rb:187[0m [36m# [STEP3] 仕上げのテスト ログインしていない場合のアクセス制限のテスト: アクセスできず、ログイン画面に遷移する ユーザ情報編集画面[0m
[31mrspec ./spec/system/03_finishing_touches_spec.rb:191[0m [36m# [STEP3] 仕上げのテスト ログインしていない場合のアクセス制限のテスト: アクセスできず、ログイン画面に遷移する 投稿一覧画面[0m
[31mrspec ./spec/system/03_finishing_touches_spec.rb:195[0m [36m# [STEP3] 仕上げのテスト ログインしていない場合のアクセス制限のテスト: アクセスできず、ログイン画面に遷移する 投稿詳細画面[0m
[31mrspec ./spec/system/03_finishing_touches_spec.rb:199[0m [36m# [STEP3] 仕上げのテスト ログインしていない場合のアクセス制限のテスト: アクセスできず、ログイン画面に遷移する 投稿編集画面[0m
[31mrspec ./spec/system/03_finishing_touches_spec.rb:219[0m [36m# [STEP3] 仕上げのテスト 他人の画面のテスト 他人の投稿詳細画面のテスト 表示内容の確認 URLが正しい[0m
[31mrspec ./spec/system/03_finishing_touches_spec.rb:222[0m [36m# [STEP3] 仕上げのテスト 他人の画面のテスト 他人の投稿詳細画面のテスト 表示内容の確認 「Book detail」と表示される[0m
[31mrspec ./spec/system/03_finishing_touches_spec.rb:225[0m [36m# [STEP3] 仕上げのテスト 他人の画面のテスト 他人の投稿詳細画面のテスト 表示内容の確認 ユーザ画像・名前のリンク先が正しい[0m
[31mrspec ./spec/system/03_finishing_touches_spec.rb:228[0m [36m# [STEP3] 仕上げのテスト 他人の画面のテスト 他人の投稿詳細画面のテスト 表示内容の確認 投稿のtitleが表示される[0m
[31mrspec ./spec/system/03_finishing_touches_spec.rb:231[0m [36m# [STEP3] 仕上げのテスト 他人の画面のテスト 他人の投稿詳細画面のテスト 表示内容の確認 投稿のopinionが表示される[0m
[31mrspec ./spec/system/03_finishing_touches_spec.rb:234[0m [36m# [STEP3] 仕上げのテスト 他人の画面のテスト 他人の投稿詳細画面のテスト 表示内容の確認 投稿の編集リンクが表示されない[0m
[31mrspec ./spec/system/03_finishing_touches_spec.rb:237[0m [36m# [STEP3] 仕上げのテスト 他人の画面のテスト 他人の投稿詳細画面のテスト 表示内容の確認 投稿の削除リンクが表示されない[0m
[31mrspec ./spec/system/03_finishing_touches_spec.rb:243[0m [36m# [STEP3] 仕上げのテスト 他人の画面のテスト 他人の投稿詳細画面のテスト サイドバーの確認 他人の名前と紹介文が表示される[0m
[31mrspec ./spec/system/03_finishing_touches_spec.rb:247[0m [36m# [STEP3] 仕上げのテスト 他人の画面のテスト 他人の投稿詳細画面のテスト サイドバーの確認 他人のユーザ編集画面へのリンクが存在する[0m
[31mrspec ./spec/system/03_finishing_touches_spec.rb:250[0m [36m# [STEP3] 仕上げのテスト 他人の画面のテスト 他人の投稿詳細画面のテスト サイドバーの確認 自分の名前と紹介文は表示されない[0m
[31mrspec ./spec/system/03_finishing_touches_spec.rb:254[0m [36m# [STEP3] 仕上げのテスト 他人の画面のテスト 他人の投稿詳細画面のテスト サイドバーの確認 自分のユーザ編集画面へのリンクは存在しない[0m
[31mrspec ./spec/system/03_finishing_touches_spec.rb:265[0m [36m# [STEP3] 仕上げのテスト 他人の画面のテスト 他人の投稿編集画面 遷移できず、投稿一覧画面にリダイレクトされる[0m
[31mrspec ./spec/system/03_finishing_touches_spec.rb:279[0m [36m# [STEP3] 仕上げのテスト 他人の画面のテスト 他人のユーザ詳細画面のテスト 表示の確認 URLが正しい[0m
[31mrspec ./spec/system/03_finishing_touches_spec.rb:282[0m [36m# [STEP3] 仕上げのテスト 他人の画面のテスト 他人のユーザ詳細画面のテスト 表示の確認 投稿一覧のユーザ画像のリンク先が正しい[0m
[31mrspec ./spec/system/03_finishing_touches_spec.rb:285[0m [36m# [STEP3] 仕上げのテスト 他人の画面のテスト 他人のユーザ詳細画面のテスト 表示の確認 投稿一覧に他人の投稿のtitleが表示され、リンクが正しい[0m
[31mrspec ./spec/system/03_finishing_touches_spec.rb:288[0m [36m# [STEP3] 仕上げのテスト 他人の画面のテスト 他人のユーザ詳細画面のテスト 表示の確認 投稿一覧に他人の投稿のopinionが表示される[0m
[31mrspec ./spec/system/03_finishing_touches_spec.rb:291[0m [36m# [STEP3] 仕上げのテスト 他人の画面のテスト 他人のユーザ詳細画面のテスト 表示の確認 自分の投稿は表示されない[0m
[31mrspec ./spec/system/03_finishing_touches_spec.rb:298[0m [36m# [STEP3] 仕上げのテスト 他人の画面のテスト 他人のユーザ詳細画面のテスト サイドバーの確認 他人の名前と紹介文が表示される[0m
[31mrspec ./spec/system/03_finishing_touches_spec.rb:302[0m [36m# [STEP3] 仕上げのテスト 他人の画面のテスト 他人のユーザ詳細画面のテスト サイドバーの確認 他人のユーザ編集画面へのリンクが存在する[0m
[31mrspec ./spec/system/03_finishing_touches_spec.rb:305[0m [36m# [STEP3] 仕上げのテスト 他人の画面のテスト 他人のユーザ詳細画面のテスト サイドバーの確認 自分の名前と紹介文は表示されない[0m
[31mrspec ./spec/system/03_finishing_touches_spec.rb:309[0m [36m# [STEP3] 仕上げのテスト 他人の画面のテスト 他人のユーザ詳細画面のテスト サイドバーの確認 自分のユーザ編集画面へのリンクは存在しない[0m
[31mrspec ./spec/system/03_finishing_touches_spec.rb:316[0m [36m# [STEP3] 仕上げのテスト 他人の画面のテスト 他人のユーザ情報編集画面 遷移できず、自分のユーザ詳細画面にリダイレクトされる[0m
[31mrspec ./spec/system/03_finishing_touches_spec.rb:333[0m [36m# [STEP3] 仕上げのテスト グリッドシステムのテスト: container, row, col-md-〇を正しく使えている ユーザ一覧画面[0m
[31mrspec ./spec/system/03_finishing_touches_spec.rb:338[0m [36m# [STEP3] 仕上げのテスト グリッドシステムのテスト: container, row, col-md-〇を正しく使えている ユーザ詳細画面[0m
[31mrspec ./spec/system/03_finishing_touches_spec.rb:343[0m [36m# [STEP3] 仕上げのテスト グリッドシステムのテスト: container, row, col-md-〇を正しく使えている 投稿一覧画面[0m
[31mrspec ./spec/system/03_finishing_touches_spec.rb:348[0m [36m# [STEP3] 仕上げのテスト グリッドシステムのテスト: container, row, col-md-〇を正しく使えている 投稿詳細画面[0m
[31mrspec ./spec/system/03_finishing_touches_spec.rb:363[0m [36m# [STEP3] 仕上げのテスト アイコンのテスト トップ画面 本のアイコンが表示される[0m
[31mrspec ./spec/system/03_finishing_touches_spec.rb:375[0m [36m# [STEP3] 仕上げのテスト アイコンのテスト アバウト画面 本のアイコンが表示される[0m
[31mrspec ./spec/system/03_finishing_touches_spec.rb:387[0m [36m# [STEP3] 仕上げのテスト アイコンのテスト ヘッダー: ログインしていない場合 Homeリンクのアイコンが表示される[0m
[31mrspec ./spec/system/03_finishing_touches_spec.rb:390[0m [36m# [STEP3] 仕上げのテスト アイコンのテスト ヘッダー: ログインしていない場合 Aboutリンクのアイコンが表示される[0m
[31mrspec ./spec/system/03_finishing_touches_spec.rb:393[0m [36m# [STEP3] 仕上げのテスト アイコンのテスト ヘッダー: ログインしていない場合 Sign upリンクのアイコンが表示される[0m
[31mrspec ./spec/system/03_finishing_touches_spec.rb:396[0m [36m# [STEP3] 仕上げのテスト アイコンのテスト ヘッダー: ログインしていない場合 Log inリンクのアイコンが表示される[0m
[31mrspec ./spec/system/03_finishing_touches_spec.rb:411[0m [36m# [STEP3] 仕上げのテスト アイコンのテスト ヘッダー: ログインしている場合 Homeリンクのアイコンが表示される[0m
[31mrspec ./spec/system/03_finishing_touches_spec.rb:414[0m [36m# [STEP3] 仕上げのテスト アイコンのテスト ヘッダー: ログインしている場合 Usersリンクのアイコンが表示される[0m
[31mrspec ./spec/system/03_finishing_touches_spec.rb:417[0m [36m# [STEP3] 仕上げのテスト アイコンのテスト ヘッダー: ログインしている場合 Booksリンクのアイコンが表示される[0m
[31mrspec ./spec/system/03_finishing_touches_spec.rb:420[0m [36m# [STEP3] 仕上げのテスト アイコンのテスト ヘッダー: ログインしている場合 Log outリンクのアイコンが表示される[0m
[31mrspec ./spec/system/03_finishing_touches_spec.rb:435[0m [36m# [STEP3] 仕上げのテスト アイコンのテスト サイドバー ユーザ一覧画面でレンチアイコンが表示される[0m
[31mrspec ./spec/system/03_finishing_touches_spec.rb:439[0m [36m# [STEP3] 仕上げのテスト アイコンのテスト サイドバー ユーザ詳細画面でレンチアイコンが表示される[0m
[31mrspec ./spec/system/03_finishing_touches_spec.rb:443[0m [36m# [STEP3] 仕上げのテスト アイコンのテスト サイドバー 投稿一覧画面でレンチアイコンが表示される[0m
[31mrspec ./spec/system/03_finishing_touches_spec.rb:447[0m [36m# [STEP3] 仕上げのテスト アイコンのテスト サイドバー 投稿詳細画面でレンチアイコンが表示される[0m

